Logging started @ 2017-06-07 16:44
DLL Compiled: Oct 31 2014 19:59:57

Firmware: J-Link ARM V8 compiled Sep 22 2014 23:26:43
Hardware: V8.00
S/N: 99999998
Feature(s): RDI,FlashDL,FlashBP,JFlash,GDBFULL  returns O.K. (0292ms, 0292ms total)
T1EFC 000:294 JLINK_ExecCommand("ProjectFile = C:\Users\Administrator\Desktop\STM32_IAR_¿âº¯Êý\settings\project_Debug.jlink", ...)  returns 0x00 (0001ms, 0293ms total)
T1EFC 000:296 JLINK_ExecCommand("device = STM32F103xE", ...)Device "STM32F103RE" selected (512 KB flash, 64 KB RAM).  returns 0x00 (0005ms, 0299ms total)
T1EFC 000:302 JLINK_GetDLLVersion()  returns 49403 (0000ms, 0299ms total)
T1EFC 000:302 JLINK_GetCompileDateTime() (0000ms, 0299ms total)
T1EFC 000:303 JLINK_GetFirmwareString(...) (0000ms, 0299ms total)
T1EFC 000:304 JLINK_SelectDeviceFamily(3) (0000ms, 0299ms total)
T1EFC 000:304 JLINK_SetSpeed(32) (0002ms, 0301ms total)
T1EFC 000:307 JLINK_ExecCommand("SetResetType = 3", ...)  returns 0x00 (0000ms, 0302ms total)
T1EFC 000:307 JLINK_ExecCommand("SetResetPulseLen = 200", ...)  returns 0x14 (0000ms, 0302ms total)
T1EFC 000:307 JLINK_SetResetDelay(0) (0000ms, 0302ms total)
T1EFC 000:307 JLINK_ResetPullsRESET(ON) (0000ms, 0302ms total)
T1EFC 000:307 JLINK_Reset() >0x2F8 JTAG>TotalIRLen = 9, IRPrint = 0x0011 >0x30 JTAG> >0x210 JTAG> >0x40 JTAG> >0x40 JTAG> >0x40 JTAG> >0x30 JTAG> >0x40 JTAG> >0x40 JTAG> >0x40 JTAG> >0x40 JTAG> >0x40 JTAG> >0x40 JTAG> >0x40 JTAG> >0x40 JTAG> >0x2F8 JTAG>TotalIRLen = 9, IRPrint = 0x0011 >0x30 JTAG> >0x210 JTAG> >0x70 JTAG> >0x40 JTAG> >0x40 JTAG> >0x40 JTAG> >0x50 JTAG> >0x80 JTAG> >0x40 JTAG> >0x30 JTAG> >0x40 JTAG> >0x40 JTAG> >0x30 JTAG> >0x40 JTAG> >0x50 JTAG>Found Cortex-M3 r1p1, Little endian.
 -- CPU_WriteMem(4 bytes @ 0xE0002000) -- CPU_ReadMem(4 bytes @ 0xE000EDF0) -- CPU_ReadMem(4 bytes @ 0xE0002000)FPUnit: 6 code (BP) slots and 2 literal slots -- CPU_ReadMem(4 bytes @ 0xE000EDFC) -- CPU_ReadMem(4 bytes @ 0xE0001000) -- CPU_WriteMem(4 bytes @ 0xE0001000) -- CPU_ReadMem(4 bytes @ 0xE000ED88) -- CPU_WriteMem(4 bytes @ 0xE000ED88) -- CPU_ReadMem(4 bytes @ 0xE000ED88) -- CPU_WriteMem(4 bytes @ 0xE000ED88) -- CPU_ReadMem(4 bytes @ 0xE00FF010)TPIU fitted. -- CPU_ReadMem(4 bytes @ 0xE00FF014)
ETM fitted. -- CPU_ReadMem(4 bytes @ 0xE00FF018) -- CPU is running -- CPU_WriteMem(4 bytes @ 0xE000EDF0) -- CPU is running -- CPU_WriteMem(4 bytes @ 0xE000EDFC) -- CPU is running -- CPU_WriteMem(4 bytes @ 0xE000ED0C) -- CPU is running -- CPU_ReadMem(4 bytes @ 0xE000EDF0) -- CPU is running -- CPU_ReadMem(4 bytes @ 0xE000EDF0) -- CPU is running -- CPU_WriteMem(4 bytes @ 0xE000EDF0) -- CPU is running -- CPU_WriteMem(4 bytes @ 0xE000EDFC) -- CPU is running -- CPU_ReadMem(4 bytes @ 0xE000EDF0) >0x80 JTAG>
 >0x40 JTAG> >0x30 JTAG> >0x40 JTAG> >0x50 JTAG> >0x40 JTAG> -- CPU_WriteMem(4 bytes @ 0xE000EDFC) -- CPU_WriteMem(4 bytes @ 0xE0001028) -- CPU_WriteMem(4 bytes @ 0xE0001038) -- CPU_WriteMem(4 bytes @ 0xE0001048) -- CPU_WriteMem(4 bytes @ 0xE0001058) -- CPU_WriteMem(4 bytes @ 0xE0002000) -- CPU_ReadMem(4 bytes @ 0xE000EDFC) -- CPU_ReadMem(4 bytes @ 0xE0001000) (0761ms, 1063ms total)
T1EFC 001:070 JLINK_GetIdData(...) ScanLen=9 NumDevices=2 aId[0]=0x3BA00477 aIrRead[0]=0 aScanLen[0]=0 aScanRead[0]=0 (0002ms, 1065ms total)
T1EFC 001:073 JLINK_JTAG_GetDeviceID(DeviceIndex = 0)  returns 0x3BA00477 (0000ms, 1065ms total)
T1EFC 001:073 JLINK_JTAG_GetDeviceInfo(DeviceIndex = 0)  returns 0x00 (0000ms, 1065ms total)
T1EFC 001:073 JLINK_JTAG_GetDeviceID(DeviceIndex = 1)  returns 0x6414041 (0000ms, 1065ms total)
T1EFC 001:073 JLINK_JTAG_GetDeviceInfo(DeviceIndex = 1)  returns 0x00 (0000ms, 1065ms total)
T1EFC 001:074 JLINK_GetDeviceFamily()  returns 3 (0000ms, 1065ms total)
T1EFC 001:074 JLINK_GetDeviceFamily()  returns 3 (0000ms, 1065ms total)
T1EFC 001:074 JLINK_GetDeviceFamily()  returns 3 (0000ms, 1065ms total)
T1EFC 001:074 JLINK_Halt()  returns 0x00 (0000ms, 1065ms total)
T1EFC 001:074 JLINK_IsHalted()  returns TRUE (0000ms, 1065ms total)
T1EFC 001:074 JLINK_ReadMemU32(0xE000ED00, 0x0001 Items, ...) -- CPU_ReadMem(4 bytes @ 0xE000ED00) - Data: 31 C2 1F 41  returns 0x01 (0015ms, 1080ms total)
T1EFC 001:089 JLINK_ReadMemU32(0xE0042000, 0x0001 Items, ...) -- CPU_ReadMem(4 bytes @ 0xE0042000) - Data: 14 64 03 10  returns 0x01 (0015ms, 1095ms total)
T1EFC 001:104 JLINK_GetEmuCaps()  returns 0xB9FF7BBF (0000ms, 1095ms total)
T1EFC 001:104 JLINK_ReadMemU32(0x4002201C, 0x0001 Items, ...) -- CPU_ReadMem(4 bytes @ 0x4002201C) - Data: FC FF FF 03  returns 0x01 (0015ms, 1110ms total)
T1EFC 001:119 JLINK_BeginDownload(Flags = 0x01) (0000ms, 1110ms total)
T1EFC 001:119 JLINK_WriteMem(0x40021004, 0x0004 Bytes, ...) - Data: 00 00 00 00 -- CPU_WriteMem(4 bytes @ 0x40021004)  returns 0x04 (0009ms, 1119ms total)
T1EFC 001:129 JLINK_EndDownload()  returns 0x00 (0000ms, 1120ms total)
T1EFC 001:129 JLINK_BeginDownload(Flags = 0x01) (0000ms, 1120ms total)
T1EFC 001:129 JLINK_WriteMem(0x40021000, 0x0004 Bytes, ...) - Data: 81 00 01 00 -- CPU_WriteMem(4 bytes @ 0x40021000)  returns 0x04 (0009ms, 1129ms total)
T1EFC 001:138 JLINK_EndDownload()  returns 0x00 (0000ms, 1129ms total)
T1EFC 001:139 JLINK_BeginDownload(Flags = 0x01) (0000ms, 1130ms total)
T1EFC 001:139 JLINK_WriteMem(0x40021008, 0x0004 Bytes, ...) - Data: 00 00 00 00 -- CPU_WriteMem(4 bytes @ 0x40021008)  returns 0x04 (0010ms, 1140ms total)
T1EFC 001:149 JLINK_EndDownload()  returns 0x00 (0000ms, 1140ms total)
T1EFC 001:149 JLINK_BeginDownload(Flags = 0x01) (0000ms, 1140ms total)
T1EFC 001:149 JLINK_WriteMem(0x40022004, 0x0004 Bytes, ...) - Data: 23 01 67 45 -- CPU_WriteMem(4 bytes @ 0x40022004)  returns 0x04 (0010ms, 1150ms total)
T1EFC 001:159 JLINK_EndDownload()  returns 0x00 (0000ms, 1150ms total)
T1EFC 001:159 JLINK_BeginDownload(Flags = 0x01) (0000ms, 1150ms total)
T1EFC 001:159 JLINK_WriteMem(0x40022004, 0x0004 Bytes, ...) - Data: AB 89 EF CD -- CPU_WriteMem(4 bytes @ 0x40022004)  returns 0x04 (0010ms, 1160ms total)
T1EFC 001:169 JLINK_EndDownload()  returns 0x00 (0000ms, 1160ms total)
T1EFC 001:169 JLINK_BeginDownload(Flags = 0x01) (0000ms, 1160ms total)
T1EFC 001:169 JLINK_WriteMem(0x40022000, 0x0004 Bytes, ...) - Data: 00 00 00 00 -- CPU_WriteMem(4 bytes @ 0x40022000)  returns 0x04 (0010ms, 1170ms total)
T1EFC 001:179 JLINK_EndDownload()  returns 0x00 (0000ms, 1170ms total)
T1EFC 001:179 JLINK_BeginDownload(Flags = 0x01) (0000ms, 1170ms total)
T1EFC 001:179 JLINK_WriteMem(0x40022010, 0x0004 Bytes, ...) - Data: 00 00 00 00 -- CPU_WriteMem(4 bytes @ 0x40022010)  returns 0x04 (0010ms, 1180ms total)
T1EFC 001:189 JLINK_EndDownload()  returns 0x00 (0000ms, 1180ms total)
T1EFC 001:189 JLINK_BeginDownload(Flags = 0x01) (0000ms, 1180ms total)
T1EFC 001:190 JLINK_WriteMem(0x4002200C, 0x0004 Bytes, ...) - Data: 34 00 00 00 -- CPU_WriteMem(4 bytes @ 0x4002200C)  returns 0x04 (0009ms, 1190ms total)
T1EFC 001:199 JLINK_EndDownload()  returns 0x00 (0000ms, 1190ms total)
T1EFC 001:200 JLINK_ReadMemU32(0x4002201C, 0x0001 Items, ...) -- CPU_ReadMem(4 bytes @ 0x4002201C) - Data: FC FF FF 03  returns 0x01 (0015ms, 1206ms total)
T1EFC 001:217 JLINK_GetSpeed()  returns 0x20 (0000ms, 1206ms total)
T1EFC 001:217 JLINK_SetMaxSpeed() >0x38 JTAG> (0003ms, 1209ms total)
T1EFC 001:354 JLINK_BeginDownload(Flags = 0x03) (0000ms, 1209ms total)
T1EFC 001:402 JLINK_WriteMem(0x20000000, 0x0020 Bytes, ...) - Data: 00 C0 00 20 FD 01 00 20 00 00 00 00 00 00 00 00 ... -- CPU_WriteMem(32 bytes @ 0x20000000)  returns 0x20 (0002ms, 1211ms total)
T1EFC 001:404 JLINK_WriteMem(0x20000040, 0x02C0 Bytes, ...) - Data: 10 B5 82 B0 1D 4C 63 68 A2 68 21 69 04 F1 18 00 ... -- CPU_WriteMem(704 bytes @ 0x20000040)  returns 0x2C0 (0007ms, 1218ms total)
T1EFC 001:413 JLINK_EndDownload()  returns 0x00 (0000ms, 1218ms total)
T1EFC 001:413 JLINK_ReadMemU32(0x20000000, 0x0008 Items, ...) -- CPU_ReadMem(64 bytes @ 0x20000000) -- Updating C cache (64 bytes @ 0x20000000) -- Read from C cache (32 bytes @ 0x20000000) - Data: 00 C0 00 20 FD 01 00 20 00 00 00 00 00 00 00 00 ...  returns 0x08 (0002ms, 1220ms total)
T1EFC 001:415 JLINK_ReadMemU32(0x20000040, 0x00B0 Items, ...) -- CPU_ReadMem(704 bytes @ 0x20000040) -- Updating C cache (704 bytes @ 0x20000040) -- Read from C cache (704 bytes @ 0x20000040) - Data: 10 B5 82 B0 1D 4C 63 68 A2 68 21 69 04 F1 18 00 ...  returns 0xB0 (0005ms, 1225ms total)
T1EFC 001:427 JLINK_ReadMemU32(0x20000000, 0x0001 Items, ...) -- Read from C cache (4 bytes @ 0x20000000) - Data: 00 C0 00 20  returns 0x01 (0000ms, 1225ms total)
T1EFC 001:427 JLINK_ReadMemU32(0x20000004, 0x0001 Items, ...) -- Read from C cache (4 bytes @ 0x20000004) - Data: FD 01 00 20  returns 0x01 (0000ms, 1225ms total)
T1EFC 001:427 JLINK_ReadRegs(NumRegs = 1, Indexes: 15) -- R15 (PC)=0x1FFFF020  returns 0x00 (0000ms, 1225ms total)
T1EFC 001:427 JLINK_WriteReg(R15 (PC), 0x200001FC)  returns 0x00 (0000ms, 1225ms total)
T1EFC 001:427 JLINK_ReadRegs(NumRegs = 1, Indexes: 17) -- MSP=0x200001FC  returns 0x00 (0000ms, 1225ms total)
T1EFC 001:427 JLINK_ReadRegs(NumRegs = 1, Indexes: 18) -- PSP=0x797CDEAC  returns 0x00 (0000ms, 1225ms total)
T1EFC 001:427 JLINK_ReadRegs(NumRegs = 1, Indexes: 20) -- CFBP=0x00  returns 0x00 (0000ms, 1225ms total)
T1EFC 001:427 JLINK_WriteReg(MSP, 0x2000C000)  returns 0x00 (0000ms, 1225ms total)
T1EFC 001:427 JLINK_ReadMemU32(0xE000EDFC, 0x0001 Items, ...) -- CPU_ReadMem(4 bytes @ 0xE000EDFC) - Data: 00 00 00 01  returns 0x01 (0001ms, 1226ms total)
T1EFC 001:428 JLINK_WriteMem(0xE000EDFC, 0x0004 Bytes, ...) - Data: 00 00 00 01 -- CPU_WriteMem(4 bytes @ 0xE000EDFC)  returns 0x04 (0001ms, 1227ms total)
T1EFC 001:429 JLINK_ReadMemU32(0xE0001004, 0x0001 Items, ...) -- CPU_ReadMem(4 bytes @ 0xE0001004) - Data: 4D BF 69 AF  returns 0x01 (0001ms, 1228ms total)
T1EFC 001:432 JLINK_ReadRegs(NumRegs = 1, Indexes: 15) -- R15 (PC)=0x200001FC  returns 0x00 (0000ms, 1228ms total)
T1EFC 001:432 JLINK_ReadMemU32(0x2000BD90, 0x0005 Items, ...) -- CPU_ReadMem(64 bytes @ 0x2000BD80) -- Updating C cache (64 bytes @ 0x2000BD80) -- Read from C cache (20 bytes @ 0x2000BD90) - Data: 00 00 00 00 00 00 00 00 00 00 00 00 00 03 00 20 ...  returns 0x05 (0001ms, 1229ms total)
T1EFC 001:434 JLINK_ReadMemU16(0x200000C0, 0x0001 Items, ...) -- Read from C cache (2 bytes @ 0x200000C0) - Data: FE E7  returns 0x01 (0000ms, 1229ms total)
T1EFC 001:434 JLINK_SetBPEx(Addr = 0x200000C0, Type = 0xFFFFFFF2) -- CPU_ReadMem(2 bytes @ 0x200000C0)  returns 0x00000001 (0001ms, 1230ms total)
T1EFC 001:435 JLINK_WriteVectorCatch(0x00000000) -- CPU_WriteMem(4 bytes @ 0xE000EDFC)  returns 0x00 (0001ms, 1231ms total)
T1EFC 001:436 JLINK_BeginDownload(Flags = 0x01) (0000ms, 1231ms total)
T1EFC 001:436 JLINK_WriteMem(0x2000BDA4, 0x0004 Bytes, ...) - Data: 00 00 00 00 -- CPU_WriteMem(2 bytes @ 0x200000C0) -- CPU_WriteMem(4 bytes @ 0x2000BDA4)  returns 0x04 (0002ms, 1233ms total)
T1EFC 001:438 JLINK_EndDownload()  returns 0x00 (0000ms, 1233ms total)
T1EFC 001:438 JLINK_BeginDownload(Flags = 0x01) (0000ms, 1233ms total)
T1EFC 001:438 JLINK_WriteMem(0x2000BD90, 0x0014 Bytes, ...) - Data: 00 00 00 08 01 00 00 00 00 00 00 00 00 03 00 20 ... -- CPU_WriteMem(20 bytes @ 0x2000BD90)  returns 0x14 (0001ms, 1234ms total)
T1EFC 001:439 JLINK_EndDownload()  returns 0x00 (0000ms, 1234ms total)
T1628 001:439 JLINK_ReadRegs(NumRegs = 1, Indexes: 15) -- R15 (PC)=0x200001FC  returns 0x00 (0000ms, 1234ms total)
T1628 001:440 JLINK_ReadMemU16(0x200001FC, 0x0001 Items, ...) -- Read from C cache (2 bytes @ 0x200001FC) - Data: FF F7  returns 0x01 (0000ms, 1234ms total)
T1628 001:440 JLINK_WriteVectorCatch(0x00000000) -- CPU_WriteMem(4 bytes @ 0xE000EDFC)  returns 0x00 (0001ms, 1235ms total)
T1628 001:441 JLINK_ReadMemU32(0xE000EDFC, 0x0001 Items, ...) - Data: 00 00 00 01  returns 0x01 (0000ms, 1235ms total)
T1628 001:441 JLINK_WriteMem(0xE000EDFC, 0x0004 Bytes, ...) - Data: 00 00 00 01 -- CPU_WriteMem(4 bytes @ 0xE000EDFC)  returns 0x04 (0001ms, 1236ms total)
T1628 001:442 JLINK_ReadMemU32(0xE0002000, 0x0001 Items, ...) -- CPU_ReadMem(4 bytes @ 0xE0002000) - Data: 61 02 00 00  returns 0x01 (0001ms, 1237ms total)
T1628 001:443 JLINK_ReadMemU32(0xE0002000, 0x0001 Items, ...) -- CPU_ReadMem(4 bytes @ 0xE0002000) - Data: 61 02 00 00  returns 0x01 (0001ms, 1238ms total)
T1628 001:444 JLINK_ReadMemU32(0xE0001000, 0x0001 Items, ...) -- CPU_ReadMem(4 bytes @ 0xE0001000) - Data: 01 00 00 40  returns 0x01 (0001ms, 1239ms total)
T1628 001:445 JLINK_ReadMemU32(0xE000EDFC, 0x0001 Items, ...) - Data: 00 00 00 01  returns 0x01 (0000ms, 1239ms total)
T1628 001:445 JLINK_WriteMem(0xE000EDFC, 0x0004 Bytes, ...) - Data: 00 00 00 01 -- CPU_WriteMem(4 bytes @ 0xE000EDFC)  returns 0x04 (0001ms, 1240ms total)
T1628 001:446 JLINK_WriteMem(0xE0001028, 0x0004 Bytes, ...) - Data: 00 00 00 00 -- CPU_WriteMem(4 bytes @ 0xE0001028)  returns 0x04 (0001ms, 1241ms total)
T1628 001:447 JLINK_WriteMem(0xE0001038, 0x0004 Bytes, ...) - Data: 00 00 00 00 -- CPU_WriteMem(4 bytes @ 0xE0001038)  returns 0x04 (0001ms, 1242ms total)
T1628 001:448 JLINK_WriteMem(0xE0001048, 0x0004 Bytes, ...) - Data: 00 00 00 00 -- CPU_WriteMem(4 bytes @ 0xE0001048)  returns 0x04 (0001ms, 1243ms total)
T1628 001:449 JLINK_WriteMem(0xE0001058, 0x0004 Bytes, ...) - Data: 00 00 00 00 -- CPU_WriteMem(4 bytes @ 0xE0001058)  returns 0x04 (0002ms, 1245ms total)
T1628 001:451 JLINK_Go() -- CPU_WriteMem(4 bytes @ 0xE0002008) -- CPU_WriteMem(4 bytes @ 0xE000200C) -- CPU_WriteMem(4 bytes @ 0xE0002010) -- CPU_WriteMem(4 bytes @ 0xE0002014) -- CPU_WriteMem(4 bytes @ 0xE0002018) -- CPU_WriteMem(4 bytes @ 0xE000201C) (0013ms, 1258ms total)
T1628 001:465 JLINK_IsHalted() -- CPU_ReadMem(2 bytes @ 0x200000C0)  returns TRUE (0005ms, 1263ms total)
T1628 001:470 JLINK_ReadMemU32(0xE000EDFC, 0x0001 Items, ...) - Data: 00 00 00 01  returns 0x01 (0000ms, 1258ms total)
T1628 001:470 JLINK_WriteMem(0xE000EDFC, 0x0004 Bytes, ...) - Data: 00 00 00 01  returns 0x04 (0000ms, 1258ms total)
T1628 001:470 JLINK_WriteVectorCatch(0x00000000)  returns 0x00 (0000ms, 1258ms total)
T1628 001:470 JLINK_WriteMem(0xE0001028, 0x0004 Bytes, ...) - Data: 00 00 00 00  returns 0x04 (0000ms, 1258ms total)
T1628 001:470 JLINK_WriteMem(0xE0001038, 0x0004 Bytes, ...) - Data: 00 00 00 00  returns 0x04 (0000ms, 1258ms total)
T1628 001:470 JLINK_WriteMem(0xE0001048, 0x0004 Bytes, ...) - Data: 00 00 00 00  returns 0x04 (0000ms, 1258ms total)
T1628 001:470 JLINK_WriteMem(0xE0001058, 0x0004 Bytes, ...) - Data: 00 00 00 00  returns 0x04 (0000ms, 1258ms total)
T1628 001:470 JLINK_ReadRegs(NumRegs = 1, Indexes: 15) -- R15 (PC)=0x200000C0  returns 0x00 (0000ms, 1258ms total)
T1628 001:470 JLINK_ReadMemU16(0x200000C0, 0x0001 Items, ...) -- Merging existing BP[0]: 0xE7FE @ 0x200000C0 -- Merging existing BP[0]: 0xE7FE @ 0x200000C0 - Data: FE E7  returns 0x01 (0000ms, 1258ms total)
T1628 001:470 JLINK_ReadMemU32(0x2000BD90, 0x0005 Items, ...) -- CPU_ReadMem(64 bytes @ 0x2000BD80) -- Updating C cache (64 bytes @ 0x2000BD80) -- Read from C cache (20 bytes @ 0x2000BD90) - Data: 00 00 00 08 00 00 00 00 00 00 00 00 00 03 00 20 ...  returns 0x05 (0002ms, 1260ms total)
T1628 001:472 JLINK_BeginDownload(Flags = 0x01) (0000ms, 1260ms total)
T1628 001:472 JLINK_WriteMem(0x20000300, 0x0800 Bytes, ...) - Data: 00 00 00 08 00 08 00 00 00 08 00 08 00 08 00 00 ... -- CPU_WriteMem(2048 bytes @ 0x20000300)  returns 0x800 (0017ms, 1277ms total)
T1628 001:489 JLINK_EndDownload()  returns 0x00 (0000ms, 1277ms total)
T1628 001:489 JLINK_BeginDownload(Flags = 0x01) (0000ms, 1277ms total)
T1628 001:489 JLINK_WriteMem(0x2000BD90, 0x0014 Bytes, ...) - Data: 00 00 00 00 00 01 00 00 00 00 00 00 00 03 00 20 ... -- CPU_WriteMem(20 bytes @ 0x2000BD90)  returns 0x14 (0006ms, 1283ms total)
T1628 001:495 JLINK_EndDownload()  returns 0x00 (0000ms, 1283ms total)
T1628 001:495 JLINK_WriteReg(R15 (PC), 0x2000020C)  returns 0x00 (0000ms, 1283ms total)
T1628 001:495 JLINK_ReadRegs(NumRegs = 1, Indexes: 15) -- R15 (PC)=0x2000020C  returns 0x00 (0000ms, 1283ms total)
T1628 001:495 JLINK_ReadMemU16(0x2000020C, 0x0001 Items, ...) -- CPU_ReadMem(64 bytes @ 0x20000200) -- Updating C cache (64 bytes @ 0x20000200) -- Read from C cache (2 bytes @ 0x2000020C) - Data: FF F7  returns 0x01 (0001ms, 1284ms total)
T1628 001:496 JLINK_WriteVectorCatch(0x00000000)  returns 0x00 (0000ms, 1284ms total)
T1628 001:496 JLINK_ReadMemU32(0xE000EDFC, 0x0001 Items, ...) - Data: 00 00 00 01  returns 0x01 (0000ms, 1284ms total)
T1628 001:496 JLINK_WriteMem(0xE000EDFC, 0x0004 Bytes, ...) - Data: 00 00 00 01  returns 0x04 (0000ms, 1284ms total)
T1628 001:496 JLINK_WriteMem(0xE0001028, 0x0004 Bytes, ...) - Data: 00 00 00 00  returns 0x04 (0000ms, 1284ms total)
T1628 001:496 JLINK_WriteMem(0xE0001038, 0x0004 Bytes, ...) - Data: 00 00 00 00  returns 0x04 (0000ms, 1284ms total)
T1628 001:496 JLINK_WriteMem(0xE0001048, 0x0004 Bytes, ...) - Data: 00 00 00 00  returns 0x04 (0000ms, 1284ms total)
T1628 001:496 JLINK_WriteMem(0xE0001058, 0x0004 Bytes, ...) - Data: 00 00 00 00  returns 0x04 (0000ms, 1284ms total)
T1628 001:496 JLINK_Go() -- CPU_WriteMem(4 bytes @ 0xE0001028) -- CPU_WriteMem(4 bytes @ 0xE0001038) -- CPU_WriteMem(4 bytes @ 0xE0001048) -- CPU_WriteMem(4 bytes @ 0xE0001058) (0007ms, 1291ms total)
T1628 001:504 JLINK_IsHalted()  returns FALSE (0000ms, 1291ms total)
T1628 001:505 JLINK_IsHalted()  returns FALSE (0018ms, 1309ms total)
T1628 001:524 JLINK_IsHalted()  returns FALSE (0001ms, 1292ms total)
T1628 001:526 JLINK_IsHalted()  returns FALSE (0001ms, 1292ms total)
T1628 001:528 JLINK_IsHalted()  returns FALSE (0001ms, 1292ms total)
T1628 001:530 JLINK_IsHalted()  returns FALSE (0001ms, 1292ms total)
T1628 001:532 JLINK_IsHalted()  returns FALSE (0001ms, 1292ms total)
T1628 001:534 JLINK_IsHalted()  returns FALSE (0001ms, 1292ms total)
T1628 001:536 JLINK_IsHalted()  returns FALSE (0001ms, 1292ms total)
T1628 001:538 JLINK_IsHalted()  returns FALSE (0001ms, 1292ms total)
T1628 001:540 JLINK_IsHalted()  returns FALSE (0001ms, 1292ms total)
T1628 001:542 JLINK_IsHalted()  returns FALSE (0001ms, 1292ms total)
T1628 001:544 JLINK_IsHalted()  returns FALSE (0001ms, 1292ms total)
T1628 001:546 JLINK_IsHalted()  returns FALSE (0001ms, 1292ms total)
T1628 001:548 JLINK_IsHalted()  returns FALSE (0001ms, 1292ms total)
T1628 001:550 JLINK_IsHalted()  returns FALSE (0001ms, 1292ms total)
T1628 001:552 JLINK_IsHalted()  returns FALSE (0001ms, 1292ms total)
T1628 001:554 JLINK_IsHalted()  returns FALSE (0001ms, 1292ms total)
T1628 001:556 JLINK_IsHalted()  returns FALSE (0001ms, 1292ms total)
T1628 001:558 JLINK_IsHalted()  returns FALSE (0000ms, 1291ms total)
T1628 001:559 JLINK_IsHalted()  returns FALSE (0000ms, 1291ms total)
T1628 001:560 JLINK_IsHalted()  returns FALSE (0000ms, 1291ms total)
T1628 001:561 JLINK_IsHalted()  returns FALSE (0000ms, 1291ms total)
T1628 001:562 JLINK_IsHalted()  returns FALSE (0000ms, 1291ms total)
T1628 001:563 JLINK_IsHalted()  returns FALSE (0000ms, 1291ms total)
T1628 001:564 JLINK_IsHalted()  returns FALSE (0000ms, 1291ms total)
T1628 001:565 JLINK_IsHalted()  returns FALSE (0000ms, 1291ms total)
T1628 001:566 JLINK_IsHalted()  returns FALSE (0000ms, 1291ms total)
T1628 001:567 JLINK_IsHalted()  returns FALSE (0000ms, 1291ms total)
T1628 001:568 JLINK_IsHalted()  returns FALSE (0001ms, 1292ms total)
T1628 001:570 JLINK_IsHalted()  returns FALSE (0000ms, 1291ms total)
T1628 001:571 JLINK_IsHalted()  returns FALSE (0000ms, 1291ms total)
T1628 001:572 JLINK_IsHalted()  returns FALSE (0000ms, 1291ms total)
T1628 001:573 JLINK_IsHalted()  returns FALSE (0001ms, 1292ms total)
T1628 001:575 JLINK_IsHalted()  returns FALSE (0001ms, 1292ms total)
T1628 001:577 JLINK_IsHalted()  returns FALSE (0001ms, 1292ms total)
T1628 001:579 JLINK_IsHalted()  returns FALSE (0001ms, 1292ms total)
T1628 001:581 JLINK_IsHalted()  returns FALSE (0001ms, 1292ms total)
T1628 001:583 JLINK_IsHalted()  returns FALSE (0001ms, 1292ms total)
T1628 001:585 JLINK_IsHalted()  returns FALSE (0001ms, 1292ms total)
T1628 001:587 JLINK_IsHalted()  returns FALSE (0002ms, 1293ms total)
T1628 001:590 JLINK_IsHalted()  returns FALSE (0001ms, 1292ms total)
T1628 001:592 JLINK_IsHalted()  returns FALSE (0001ms, 1292ms total)
T1628 001:594 JLINK_IsHalted()  returns FALSE (0001ms, 1292ms total)
T1628 001:596 JLINK_IsHalted()  returns FALSE (0001ms, 1292ms total)
T1628 001:598 JLINK_IsHalted()  returns FALSE (0001ms, 1292ms total)
T1628 001:600 JLINK_IsHalted()  returns FALSE (0001ms, 1292ms total)
T1628 001:602 JLINK_IsHalted()  returns FALSE (0001ms, 1292ms total)
T1628 001:604 JLINK_IsHalted()  returns FALSE (0001ms, 1292ms total)
T1628 001:606 JLINK_IsHalted()  returns FALSE (0001ms, 1292ms total)
T1628 001:608 JLINK_IsHalted()  returns FALSE (0001ms, 1292ms total)
T1628 001:610 JLINK_IsHalted()  returns FALSE (0001ms, 1292ms total)
T1628 001:612 JLINK_IsHalted()  returns FALSE (0001ms, 1292ms total)
T1628 001:614 JLINK_IsHalted()  returns FALSE (0001ms, 1292ms total)
T1628 001:616 JLINK_IsHalted()  returns FALSE (0001ms, 1292ms total)
T1628 001:618 JLINK_IsHalted()  returns FALSE (0001ms, 1292ms total)
T1628 001:620 JLINK_IsHalted()  returns FALSE (0001ms, 1292ms total)
T1628 001:622 JLINK_IsHalted()  returns FALSE (0001ms, 1292ms total)
T1628 001:624 JLINK_IsHalted()  returns FALSE (0001ms, 1292ms total)
T1628 001:626 JLINK_IsHalted()  returns FALSE (0001ms, 1292ms total)
T1628 001:628 JLINK_IsHalted()  returns FALSE (0001ms, 1292ms total)
T1628 001:630 JLINK_IsHalted()  returns FALSE (0002ms, 1293ms total)
T1628 001:633 JLINK_IsHalted()  returns FALSE (0002ms, 1293ms total)
T1628 001:636 JLINK_IsHalted()  returns FALSE (0001ms, 1292ms total)
T1628 001:638 JLINK_IsHalted()  returns FALSE (0001ms, 1292ms total)
T1628 001:640 JLINK_IsHalted()  returns FALSE (0001ms, 1292ms total)
T1628 001:642 JLINK_IsHalted()  returns FALSE (0001ms, 1292ms total)
T1628 001:644 JLINK_IsHalted()  returns FALSE (0001ms, 1292ms total)
T1628 001:646 JLINK_IsHalted()  returns FALSE (0001ms, 1292ms total)
T1628 001:648 JLINK_IsHalted()  returns FALSE (0002ms, 1293ms total)
T1628 001:651 JLINK_IsHalted()  returns FALSE (0000ms, 1291ms total)
T1628 001:652 JLINK_IsHalted()  returns FALSE (0000ms, 1291ms total)
T1628 001:653 JLINK_IsHalted()  returns FALSE (0000ms, 1291ms total)
T1628 001:654 JLINK_IsHalted()  returns FALSE (0000ms, 1291ms total)
T1628 001:655 JLINK_IsHalted()  returns FALSE (0000ms, 1291ms total)
T1628 001:656 JLINK_IsHalted()  returns FALSE (0000ms, 1291ms total)
T1628 001:657 JLINK_IsHalted()  returns FALSE (0000ms, 1291ms total)
T1628 001:658 JLINK_IsHalted()  returns FALSE (0000ms, 1291ms total)
T1628 001:659 JLINK_IsHalted()  returns FALSE (0000ms, 1291ms total)
T1628 001:660 JLINK_IsHalted()  returns FALSE (0000ms, 1291ms total)
T1628 001:661 JLINK_IsHalted()  returns FALSE (0000ms, 1291ms total)
T1628 001:662 JLINK_IsHalted()  returns FALSE (0000ms, 1291ms total)
T1628 001:663 JLINK_IsHalted()  returns FALSE (0000ms, 1291ms total)
T1628 001:664 JLINK_IsHalted()  returns FALSE (0000ms, 1291ms total)
T1628 001:665 JLINK_IsHalted()  returns FALSE (0007ms, 1298ms total)
T1628 001:673 JLINK_IsHalted()  returns FALSE (0001ms, 1292ms total)
T1628 001:675 JLINK_IsHalted()  returns FALSE (0002ms, 1293ms total)
T1628 001:678 JLINK_IsHalted()  returns FALSE (0001ms, 1292ms total)
T1628 001:680 JLINK_IsHalted()  returns FALSE (0001ms, 1292ms total)
T1628 001:682 JLINK_IsHalted()  returns FALSE (0001ms, 1292ms total)
T1628 001:684 JLINK_IsHalted()  returns FALSE (0001ms, 1292ms total)
T1628 001:686 JLINK_IsHalted()  returns FALSE (0001ms, 1292ms total)
T1628 001:688 JLINK_IsHalted()  returns FALSE (0001ms, 1292ms total)
T1628 001:690 JLINK_IsHalted()  returns FALSE (0001ms, 1292ms total)
T1628 001:692 JLINK_IsHalted()  returns FALSE (0001ms, 1292ms total)
T1628 001:694 JLINK_IsHalted()  returns FALSE (0001ms, 1292ms total)
T1628 001:696 JLINK_IsHalted()  returns FALSE (0001ms, 1292ms total)
T1628 001:698 JLINK_IsHalted()  returns FALSE (0001ms, 1292ms total)
T1628 001:700 JLINK_IsHalted()  returns FALSE (0002ms, 1293ms total)
T1628 001:703 JLINK_IsHalted()  returns FALSE (0002ms, 1293ms total)
T1628 001:706 JLINK_IsHalted()  returns FALSE (0001ms, 1292ms total)
T1628 001:708 JLINK_IsHalted()  returns FALSE (0001ms, 1292ms total)
T1628 001:710 JLINK_IsHalted()  returns FALSE (0001ms, 1292ms total)
T1628 001:712 JLINK_IsHalted()  returns FALSE (0000ms, 1291ms total)
T1628 001:713 JLINK_IsHalted()  returns FALSE (0000ms, 1291ms total)
T1628 001:714 JLINK_IsHalted()  returns FALSE (0000ms, 1291ms total)
T1628 001:715 JLINK_IsHalted()  returns FALSE (0000ms, 1291ms total)
T1628 001:716 JLINK_IsHalted()  returns FALSE (0000ms, 1291ms total)
T1628 001:717 JLINK_IsHalted()  returns FALSE (0000ms, 1291ms total)
T1628 001:718 JLINK_IsHalted()  returns FALSE (0000ms, 1291ms total)
T1628 001:719 JLINK_IsHalted()  returns FALSE (0000ms, 1291ms total)
T1628 001:720 JLINK_IsHalted()  returns FALSE (0000ms, 1291ms total)
T1628 001:721 JLINK_IsHalted()  returns FALSE (0000ms, 1291ms total)
T1628 001:722 JLINK_IsHalted()  returns FALSE (0000ms, 1291ms total)
T1628 001:723 JLINK_IsHalted()  returns FALSE (0000ms, 1291ms total)
T1628 001:724 JLINK_IsHalted()  returns FALSE (0000ms, 1291ms total)
T1628 001:725 JLINK_IsHalted()  returns FALSE (0000ms, 1291ms total)
T1628 001:726 JLINK_IsHalted()  returns FALSE (0000ms, 1291ms total)
T1628 001:727 JLINK_IsHalted()  returns FALSE (0000ms, 1291ms total)
T1628 001:728 JLINK_IsHalted()  returns FALSE (0000ms, 1291ms total)
T1628 001:729 JLINK_IsHalted()  returns FALSE (0000ms, 1291ms total)
T1628 001:730 JLINK_IsHalted()  returns FALSE (0000ms, 1291ms total)
T1628 001:731 JLINK_IsHalted()  returns FALSE (0000ms, 1291ms total)
T1628 001:732 JLINK_IsHalted()  returns FALSE (0000ms, 1291ms total)
T1628 001:733 JLINK_IsHalted()  returns FALSE (0000ms, 1291ms total)
T1628 001:734 JLINK_IsHalted()  returns FALSE (0000ms, 1291ms total)
T1628 001:735 JLINK_IsHalted()  returns FALSE (0000ms, 1291ms total)
T1628 001:736 JLINK_IsHalted()  returns FALSE (0000ms, 1291ms total)
T1628 001:737 JLINK_IsHalted()  returns FALSE (0000ms, 1291ms total)
T1628 001:738 JLINK_IsHalted()  returns FALSE (0000ms, 1291ms total)
T1628 001:739 JLINK_IsHalted()  returns FALSE (0000ms, 1291ms total)
T1628 001:740 JLINK_IsHalted()  returns FALSE (0000ms, 1291ms total)
T1628 001:741 JLINK_IsHalted()  returns FALSE (0000ms, 1291ms total)
T1628 001:742 JLINK_IsHalted()  returns FALSE (0000ms, 1291ms total)
T1628 001:743 JLINK_IsHalted()  returns FALSE (0000ms, 1291ms total)
T1628 001:744 JLINK_IsHalted()  returns FALSE (0000ms, 1291ms total)
T1628 001:745 JLINK_IsHalted()  returns FALSE (0000ms, 1291ms total)
T1628 001:746 JLINK_IsHalted()  returns FALSE (0000ms, 1291ms total)
T1628 001:747 JLINK_IsHalted()  returns FALSE (0000ms, 1291ms total)
T1628 001:748 JLINK_IsHalted()  returns FALSE (0000ms, 1291ms total)
T1628 001:749 JLINK_IsHalted()  returns FALSE (0000ms, 1291ms total)
T1628 001:750 JLINK_IsHalted()  returns FALSE (0000ms, 1291ms total)
T1628 001:751 JLINK_IsHalted()  returns FALSE (0000ms, 1291ms total)
T1628 001:752 JLINK_IsHalted()  returns FALSE (0000ms, 1291ms total)
T1628 001:753 JLINK_IsHalted()  returns FALSE (0000ms, 1291ms total)
T1628 001:754 JLINK_IsHalted()  returns FALSE (0000ms, 1291ms total)
T1628 001:755 JLINK_IsHalted()  returns FALSE (0000ms, 1291ms total)
T1628 001:756 JLINK_IsHalted()  returns FALSE (0000ms, 1291ms total)
T1628 001:757 JLINK_IsHalted()  returns FALSE (0000ms, 1291ms total)
T1628 001:758 JLINK_IsHalted()  returns FALSE (0000ms, 1291ms total)
T1628 001:759 JLINK_IsHalted()  returns FALSE (0000ms, 1291ms total)
T1628 001:760 JLINK_IsHalted()  returns FALSE (0000ms, 1291ms total)
T1628 001:761 JLINK_IsHalted()  returns FALSE (0000ms, 1291ms total)
T1628 001:762 JLINK_IsHalted()  returns FALSE (0000ms, 1291ms total)
T1628 001:763 JLINK_IsHalted()  returns FALSE (0000ms, 1291ms total)
T1628 001:764 JLINK_IsHalted()  returns FALSE (0000ms, 1291ms total)
T1628 001:765 JLINK_IsHalted()  returns FALSE (0000ms, 1291ms total)
T1628 001:766 JLINK_IsHalted()  returns FALSE (0000ms, 1291ms total)
T1628 001:767 JLINK_IsHalted()  returns FALSE (0000ms, 1291ms total)
T1628 001:768 JLINK_IsHalted()  returns FALSE (0000ms, 1291ms total)
T1628 001:769 JLINK_IsHalted()  returns FALSE (0000ms, 1291ms total)
T1628 001:770 JLINK_IsHalted()  returns FALSE (0000ms, 1291ms total)
T1628 001:771 JLINK_IsHalted()  returns FALSE (0000ms, 1291ms total)
T1628 001:773 JLINK_IsHalted()  returns FALSE (0001ms, 1292ms total)
T1628 001:775 JLINK_IsHalted()  returns FALSE (0001ms, 1292ms total)
T1628 001:777 JLINK_IsHalted()  returns FALSE (0001ms, 1292ms total)
T1628 001:779 JLINK_IsHalted()  returns FALSE (0001ms, 1292ms total)
T1628 001:781 JLINK_IsHalted()  returns FALSE (0001ms, 1292ms total)
T1628 001:783 JLINK_IsHalted()  returns FALSE (0001ms, 1292ms total)
T1628 001:785 JLINK_IsHalted()  returns FALSE (0001ms, 1292ms total)
T1628 001:787 JLINK_IsHalted()  returns FALSE (0001ms, 1292ms total)
T1628 001:789 JLINK_IsHalted()  returns FALSE (0001ms, 1292ms total)
T1628 001:791 JLINK_IsHalted()  returns FALSE (0001ms, 1292ms total)
T1628 001:793 JLINK_IsHalted()  returns FALSE (0001ms, 1292ms total)
T1628 001:795 JLINK_IsHalted()  returns FALSE (0001ms, 1292ms total)
T1628 001:797 JLINK_IsHalted()  returns FALSE (0001ms, 1292ms total)
T1628 001:799 JLINK_IsHalted()  returns FALSE (0001ms, 1292ms total)
T1628 001:801 JLINK_IsHalted()  returns FALSE (0001ms, 1292ms total)
T1628 001:803 JLINK_IsHalted()  returns FALSE (0001ms, 1292ms total)
T1628 001:805 JLINK_IsHalted()  returns FALSE (0001ms, 1292ms total)
T1628 001:807 JLINK_IsHalted()  returns FALSE (0001ms, 1292ms total)
T1628 001:809 JLINK_IsHalted()  returns FALSE (0001ms, 1292ms total)
T1628 001:811 JLINK_IsHalted()  returns FALSE (0001ms, 1292ms total)
T1628 001:813 JLINK_IsHalted()  returns FALSE (0002ms, 1293ms total)
T1628 001:816 JLINK_IsHalted()  returns FALSE (0001ms, 1292ms total)
T1628 001:818 JLINK_IsHalted()  returns FALSE (0001ms, 1292ms total)
T1628 001:820 JLINK_IsHalted()  returns FALSE (0001ms, 1292ms total)
T1628 001:822 JLINK_IsHalted()  returns FALSE (0001ms, 1292ms total)
T1628 001:824 JLINK_IsHalted()  returns FALSE (0000ms, 1291ms total)
T1628 001:825 JLINK_IsHalted()  returns FALSE (0001ms, 1292ms total)
T1628 001:827 JLINK_IsHalted()  returns FALSE (0000ms, 1291ms total)
T1628 001:828 JLINK_IsHalted()  returns FALSE (0000ms, 1291ms total)
T1628 001:829 JLINK_IsHalted()  returns FALSE (0000ms, 1291ms total)
T1628 001:830 JLINK_IsHalted()  returns FALSE (0000ms, 1291ms total)
T1628 001:831 JLINK_IsHalted()  returns FALSE (0000ms, 1291ms total)
T1628 001:832 JLINK_IsHalted()  returns FALSE (0000ms, 1291ms total)
T1628 001:833 JLINK_IsHalted()  returns FALSE (0001ms, 1292ms total)
T1628 001:836 JLINK_IsHalted()  returns FALSE (0001ms, 1292ms total)
T1628 001:838 JLINK_IsHalted()  returns FALSE (0001ms, 1292ms total)
T1628 001:840 JLINK_IsHalted()  returns FALSE (0001ms, 1292ms total)
T1628 001:842 JLINK_IsHalted()  returns FALSE (0002ms, 1293ms total)
T1628 001:845 JLINK_IsHalted()  returns FALSE (0001ms, 1292ms total)
T1628 001:847 JLINK_IsHalted()  returns FALSE (0001ms, 1292ms total)
T1628 001:849 JLINK_IsHalted()  returns FALSE (0001ms, 1292ms total)
T1628 001:851 JLINK_IsHalted()  returns FALSE (0001ms, 1292ms total)
T1628 001:853 JLINK_IsHalted()  returns FALSE (0001ms, 1292ms total)
T1628 001:855 JLINK_IsHalted()  returns FALSE (0001ms, 1292ms total)
T1628 001:857 JLINK_IsHalted()  returns FALSE (0001ms, 1292ms total)
T1628 001:859 JLINK_IsHalted()  returns FALSE (0001ms, 1292ms total)
T1628 001:861 JLINK_IsHalted()  returns FALSE (0001ms, 1292ms total)
T1628 001:863 JLINK_IsHalted()  returns FALSE (0001ms, 1292ms total)
T1628 001:865 JLINK_IsHalted()  returns FALSE (0001ms, 1292ms total)
T1628 001:867 JLINK_IsHalted()  returns FALSE (0001ms, 1292ms total)
T1628 001:869 JLINK_IsHalted()  returns FALSE (0001ms, 1292ms total)
T1628 001:871 JLINK_IsHalted()  returns FALSE (0001ms, 1292ms total)
T1628 001:873 JLINK_IsHalted()  returns FALSE (0001ms, 1292ms total)
T1628 001:875 JLINK_IsHalted()  returns FALSE (0001ms, 1292ms total)
T1628 001:877 JLINK_IsHalted()  returns FALSE (0001ms, 1292ms total)
T1628 001:879 JLINK_IsHalted()  returns FALSE (0001ms, 1292ms total)
T1628 001:881 JLINK_IsHalted()  returns FALSE (0001ms, 1292ms total)
T1628 001:883 JLINK_IsHalted()  returns FALSE (0001ms, 1292ms total)
T1628 001:885 JLINK_IsHalted()  returns FALSE (0001ms, 1292ms total)
T1628 001:887 JLINK_IsHalted()  returns FALSE (0001ms, 1292ms total)
T1628 001:889 JLINK_IsHalted()  returns FALSE (0001ms, 1292ms total)
T1628 001:891 JLINK_IsHalted()  returns FALSE (0001ms, 1292ms total)
T1628 001:893 JLINK_IsHalted()  returns FALSE (0001ms, 1292ms total)
T1628 001:895 JLINK_IsHalted()  returns FALSE (0001ms, 1292ms total)
T1628 001:897 JLINK_IsHalted()  returns FALSE (0001ms, 1292ms total)
T1628 001:899 JLINK_IsHalted()  returns FALSE (0001ms, 1292ms total)
T1628 001:901 JLINK_IsHalted()  returns FALSE (0001ms, 1292ms total)
T1628 001:903 JLINK_IsHalted()  returns FALSE (0000ms, 1291ms total)
T1628 001:904 JLINK_IsHalted()  returns FALSE (0000ms, 1291ms total)
T1628 001:905 JLINK_IsHalted()  returns FALSE (0001ms, 1292ms total)
T1628 001:907 JLINK_IsHalted()  returns FALSE (0001ms, 1292ms total)
T1628 001:909 JLINK_IsHalted()  returns FALSE (0001ms, 1292ms total)
T1628 001:911 JLINK_IsHalted()  returns FALSE (0001ms, 1292ms total)
T1628 001:913 JLINK_IsHalted()  returns FALSE (0001ms, 1292ms total)
T1628 001:915 JLINK_IsHalted()  returns FALSE (0001ms, 1292ms total)
T1628 001:917 JLINK_IsHalted()  returns FALSE (0001ms, 1292ms total)
T1628 001:919 JLINK_IsHalted()  returns FALSE (0001ms, 1292ms total)
T1628 001:921 JLINK_IsHalted()  returns FALSE (0001ms, 1292ms total)
T1628 001:923 JLINK_IsHalted()  returns FALSE (0001ms, 1292ms total)
T1628 001:925 JLINK_IsHalted()  returns FALSE (0001ms, 1292ms total)
T1628 001:927 JLINK_IsHalted()  returns FALSE (0001ms, 1292ms total)
T1628 001:929 JLINK_IsHalted()  returns FALSE (0000ms, 1291ms total)
T1628 001:930 JLINK_IsHalted()  returns FALSE (0000ms, 1291ms total)
T1628 001:931 JLINK_IsHalted()  returns FALSE (0000ms, 1291ms total)
T1628 001:932 JLINK_IsHalted()  returns FALSE (0000ms, 1291ms total)
T1628 001:933 JLINK_IsHalted()  returns FALSE (0001ms, 1292ms total)
T1628 001:935 JLINK_IsHalted()  returns FALSE (0001ms, 1292ms total)
T1628 001:937 JLINK_IsHalted()  returns FALSE (0000ms, 1291ms total)
T1628 001:938 JLINK_IsHalted()  returns FALSE (0000ms, 1291ms total)
T1628 001:939 JLINK_IsHalted()  returns FALSE (0000ms, 1291ms total)
T1628 001:940 JLINK_IsHalted()  returns FALSE (0000ms, 1291ms total)
T1628 001:941 JLINK_IsHalted()  returns FALSE (0000ms, 1291ms total)
T1628 001:942 JLINK_IsHalted()  returns FALSE (0000ms, 1291ms total)
T1628 001:943 JLINK_IsHalted()  returns FALSE (0000ms, 1291ms total)
T1628 001:944 JLINK_IsHalted()  returns FALSE (0000ms, 1291ms total)
T1628 001:945 JLINK_IsHalted()  returns FALSE (0000ms, 1291ms total)
T1628 001:946 JLINK_IsHalted()  returns FALSE (0001ms, 1292ms total)
T1628 001:948 JLINK_IsHalted()  returns FALSE (0000ms, 1291ms total)
T1628 001:949 JLINK_IsHalted()  returns FALSE (0000ms, 1291ms total)
T1628 001:950 JLINK_IsHalted()  returns FALSE (0000ms, 1291ms total)
T1628 001:951 JLINK_IsHalted()  returns FALSE (0000ms, 1291ms total)
T1628 001:952 JLINK_IsHalted()  returns FALSE (0000ms, 1291ms total)
T1628 001:953 JLINK_IsHalted()  returns FALSE (0000ms, 1291ms total)
T1628 001:954 JLINK_IsHalted()  returns FALSE (0000ms, 1291ms total)
T1628 001:955 JLINK_IsHalted()  returns FALSE (0000ms, 1291ms total)
T1628 001:956 JLINK_IsHalted()  returns FALSE (0000ms, 1291ms total)
T1628 001:957 JLINK_IsHalted()  returns FALSE (0000ms, 1291ms total)
T1628 001:958 JLINK_IsHalted()  returns FALSE (0000ms, 1291ms total)
T1628 001:959 JLINK_IsHalted()  returns FALSE (0000ms, 1291ms total)
T1628 001:960 JLINK_IsHalted()  returns FALSE (0000ms, 1291ms total)
T1628 001:961 JLINK_IsHalted()  returns FALSE (0000ms, 1291ms total)
T1628 001:962 JLINK_IsHalted()  returns FALSE (0002ms, 1293ms total)
T1628 001:965 JLINK_IsHalted()  returns FALSE (0001ms, 1292ms total)
T1628 001:967 JLINK_IsHalted()  returns FALSE (0000ms, 1291ms total)
T1628 001:968 JLINK_IsHalted()  returns FALSE (0001ms, 1292ms total)
T1628 001:970 JLINK_IsHalted()  returns FALSE (0001ms, 1292ms total)
T1628 001:972 JLINK_IsHalted()  returns FALSE (0001ms, 1292ms total)
T1628 001:974 JLINK_IsHalted()  returns FALSE (0001ms, 1292ms total)
T1628 001:976 JLINK_IsHalted()  returns FALSE (0001ms, 1292ms total)
T1628 001:978 JLINK_IsHalted()  returns FALSE (0001ms, 1292ms total)
T1628 001:980 JLINK_IsHalted()  returns FALSE (0001ms, 1292ms total)
T1628 001:982 JLINK_IsHalted()  returns FALSE (0001ms, 1292ms total)
T1628 001:984 JLINK_IsHalted()  returns FALSE (0001ms, 1292ms total)
T1628 001:986 JLINK_IsHalted()  returns FALSE (0001ms, 1292ms total)
T1628 001:988 JLINK_IsHalted()  returns FALSE (0001ms, 1292ms total)
T1628 001:990 JLINK_IsHalted()  returns FALSE (0000ms, 1291ms total)
T1628 001:991 JLINK_IsHalted()  returns FALSE (0000ms, 1291ms total)
T1628 001:992 JLINK_IsHalted()  returns FALSE (0001ms, 1292ms total)
T1628 001:994 JLINK_IsHalted()  returns FALSE (0001ms, 1292ms total)
T1628 001:996 JLINK_IsHalted()  returns FALSE (0001ms, 1292ms total)
T1628 001:998 JLINK_IsHalted()  returns FALSE (0000ms, 1291ms total)
T1628 001:999 JLINK_IsHalted()  returns FALSE (0000ms, 1291ms total)
T1628 002:000 JLINK_IsHalted()  returns FALSE (0000ms, 1291ms total)
T1628 002:001 JLINK_IsHalted()  returns FALSE (0000ms, 1291ms total)
T1628 002:002 JLINK_IsHalted()  returns FALSE (0000ms, 1291ms total)
T1628 002:003 JLINK_IsHalted()  returns FALSE (0000ms, 1291ms total)
T1628 002:004 JLINK_IsHalted()  returns FALSE (0000ms, 1291ms total)
T1628 002:005 JLINK_IsHalted()  returns FALSE (0000ms, 1291ms total)
T1628 002:006 JLINK_IsHalted()  returns FALSE (0000ms, 1291ms total)
T1628 002:007 JLINK_IsHalted()  returns FALSE (0000ms, 1291ms total)
T1628 002:008 JLINK_IsHalted()  returns FALSE (0000ms, 1291ms total)
T1628 002:009 JLINK_IsHalted()  returns FALSE (0001ms, 1292ms total)
T1628 002:011 JLINK_IsHalted()  returns FALSE (0001ms, 1292ms total)
T1628 002:013 JLINK_IsHalted()  returns FALSE (0001ms, 1292ms total)
T1628 002:015 JLINK_IsHalted()  returns FALSE (0001ms, 1292ms total)
T1628 002:017 JLINK_IsHalted()  returns FALSE (0001ms, 1292ms total)
T1628 002:019 JLINK_IsHalted()  returns FALSE (0001ms, 1292ms total)
T1628 002:021 JLINK_IsHalted()  returns FALSE (0000ms, 1291ms total)
T1628 002:022 JLINK_IsHalted()  returns FALSE (0001ms, 1292ms total)
T1628 002:024 JLINK_IsHalted()  returns FALSE (0000ms, 1291ms total)
T1628 002:025 JLINK_IsHalted()  returns FALSE (0001ms, 1292ms total)
T1628 002:027 JLINK_IsHalted()  returns FALSE (0001ms, 1292ms total)
T1628 002:029 JLINK_IsHalted()  returns FALSE (0001ms, 1292ms total)
T1628 002:031 JLINK_IsHalted()  returns FALSE (0001ms, 1292ms total)
T1628 002:033 JLINK_IsHalted()  returns FALSE (0001ms, 1292ms total)
T1628 002:035 JLINK_IsHalted()  returns FALSE (0000ms, 1291ms total)
T1628 002:036 JLINK_IsHalted()  returns FALSE (0000ms, 1291ms total)
T1628 002:037 JLINK_IsHalted()  returns FALSE (0001ms, 1292ms total)
T1628 002:039 JLINK_IsHalted()  returns FALSE (0000ms, 1291ms total)
T1628 002:040 JLINK_IsHalted()  returns FALSE (0001ms, 1292ms total)
T1628 002:042 JLINK_IsHalted()  returns FALSE (0001ms, 1292ms total)
T1628 002:044 JLINK_IsHalted()  returns FALSE (0001ms, 1292ms total)
T1628 002:046 JLINK_IsHalted()  returns FALSE (0001ms, 1292ms total)
T1628 002:048 JLINK_IsHalted()  returns FALSE (0001ms, 1292ms total)
T1628 002:050 JLINK_IsHalted()  returns FALSE (0001ms, 1292ms total)
T1628 002:052 JLINK_IsHalted()  returns FALSE (0005ms, 1296ms total)
T1628 002:058 JLINK_IsHalted()  returns FALSE (0001ms, 1292ms total)
T1628 002:060 JLINK_IsHalted()  returns FALSE (0001ms, 1292ms total)
T1628 002:062 JLINK_IsHalted()  returns FALSE (0001ms, 1292ms total)
T1628 002:064 JLINK_IsHalted()  returns FALSE (0001ms, 1292ms total)
T1628 002:066 JLINK_IsHalted()  returns FALSE (0001ms, 1292ms total)
T1628 002:068 JLINK_IsHalted()  returns FALSE (0000ms, 1291ms total)
T1628 002:069 JLINK_IsHalted()  returns FALSE (0001ms, 1292ms total)
T1628 002:071 JLINK_IsHalted()  returns FALSE (0002ms, 1293ms total)
T1628 002:074 JLINK_IsHalted()  returns FALSE (0001ms, 1292ms total)
T1628 002:076 JLINK_IsHalted()  returns FALSE (0000ms, 1291ms total)
T1628 002:077 JLINK_IsHalted()  returns FALSE (0000ms, 1291ms total)
T1628 002:078 JLINK_IsHalted()  returns FALSE (0000ms, 1291ms total)
T1628 002:079 JLINK_IsHalted()  returns FALSE (0001ms, 1292ms total)
T1628 002:081 JLINK_IsHalted()  returns FALSE (0000ms, 1291ms total)
T1628 002:082 JLINK_IsHalted()  returns FALSE (0000ms, 1291ms total)
T1628 002:083 JLINK_IsHalted()  returns FALSE (0001ms, 1292ms total)
T1628 002:087 JLINK_IsHalted()  returns FALSE (0001ms, 1292ms total)
T1628 002:089 JLINK_IsHalted()  returns FALSE (0001ms, 1292ms total)
T1628 002:091 JLINK_IsHalted()  returns FALSE (0001ms, 1292ms total)
T1628 002:093 JLINK_IsHalted()  returns FALSE (0001ms, 1292ms total)
T1628 002:095 JLINK_IsHalted()  returns FALSE (0001ms, 1292ms total)
T1628 002:097 JLINK_IsHalted()  returns FALSE (0001ms, 1292ms total)
T1628 002:099 JLINK_IsHalted()  returns FALSE (0001ms, 1292ms total)
T1628 002:101 JLINK_IsHalted()  returns FALSE (0001ms, 1292ms total)
T1628 002:103 JLINK_IsHalted()  returns FALSE (0001ms, 1292ms total)
T1628 002:105 JLINK_IsHalted()  returns FALSE (0001ms, 1292ms total)
T1628 002:107 JLINK_IsHalted()  returns FALSE (0001ms, 1292ms total)
T1628 002:109 JLINK_IsHalted()  returns FALSE (0001ms, 1292ms total)
T1628 002:111 JLINK_IsHalted()  returns FALSE (0001ms, 1292ms total)
T1628 002:113 JLINK_IsHalted()  returns FALSE (0001ms, 1292ms total)
T1628 002:115 JLINK_IsHalted()  returns FALSE (0001ms, 1292ms total)
T1628 002:117 JLINK_IsHalted()  returns FALSE (0001ms, 1292ms total)
T1628 002:119 JLINK_IsHalted()  returns FALSE (0001ms, 1292ms total)
T1628 002:121 JLINK_IsHalted()  returns FALSE (0001ms, 1292ms total)
T1628 002:123 JLINK_IsHalted()  returns FALSE (0001ms, 1292ms total)
T1628 002:125 JLINK_IsHalted()  returns FALSE (0001ms, 1292ms total)
T1628 002:127 JLINK_IsHalted()  returns FALSE (0001ms, 1292ms total)
T1628 002:129 JLINK_IsHalted()  returns FALSE (0001ms, 1292ms total)
T1628 002:131 JLINK_IsHalted()  returns FALSE (0001ms, 1292ms total)
T1628 002:133 JLINK_IsHalted()  returns FALSE (0000ms, 1291ms total)
T1628 002:134 JLINK_IsHalted()  returns FALSE (0001ms, 1292ms total)
T1628 002:136 JLINK_IsHalted()  returns FALSE (0001ms, 1292ms total)
T1628 002:138 JLINK_IsHalted()  returns FALSE (0001ms, 1292ms total)
T1628 002:140 JLINK_IsHalted()  returns FALSE (0001ms, 1292ms total)
T1628 002:142 JLINK_IsHalted()  returns FALSE (0001ms, 1292ms total)
T1628 002:144 JLINK_IsHalted()  returns FALSE (0001ms, 1292ms total)
T1628 002:146 JLINK_IsHalted()  returns FALSE (0001ms, 1292ms total)
T1628 002:148 JLINK_IsHalted()  returns FALSE (0001ms, 1292ms total)
T1628 002:151 JLINK_IsHalted()  returns FALSE (0002ms, 1293ms total)
T1628 002:154 JLINK_IsHalted()  returns FALSE (0001ms, 1292ms total)
T1628 002:156 JLINK_IsHalted()  returns FALSE (0001ms, 1292ms total)
T1628 002:158 JLINK_IsHalted()  returns FALSE (0001ms, 1292ms total)
T1628 002:160 JLINK_IsHalted()  returns FALSE (0001ms, 1292ms total)
T1628 002:162 JLINK_IsHalted()  returns FALSE (0001ms, 1292ms total)
T1628 002:164 JLINK_IsHalted()  returns FALSE (0001ms, 1292ms total)
T1628 002:166 JLINK_IsHalted()  returns FALSE (0001ms, 1292ms total)
T1628 002:168 JLINK_IsHalted()  returns FALSE (0001ms, 1292ms total)
T1628 002:170 JLINK_IsHalted()  returns FALSE (0001ms, 1292ms total)
T1628 002:172 JLINK_IsHalted()  returns FALSE (0001ms, 1292ms total)
T1628 002:174 JLINK_IsHalted()  returns FALSE (0001ms, 1292ms total)
T1628 002:176 JLINK_IsHalted()  returns FALSE (0001ms, 1292ms total)
T1628 002:178 JLINK_IsHalted()  returns FALSE (0001ms, 1292ms total)
T1628 002:180 JLINK_IsHalted()  returns FALSE (0001ms, 1292ms total)
T1628 002:182 JLINK_IsHalted()  returns FALSE (0001ms, 1292ms total)
T1628 002:184 JLINK_IsHalted()  returns FALSE (0001ms, 1292ms total)
T1628 002:186 JLINK_IsHalted()  returns FALSE (0001ms, 1292ms total)
T1628 002:188 JLINK_IsHalted()  returns FALSE (0001ms, 1292ms total)
T1628 002:190 JLINK_IsHalted()  returns FALSE (0001ms, 1292ms total)
T1628 002:192 JLINK_IsHalted()  returns FALSE (0002ms, 1293ms total)
T1628 002:195 JLINK_IsHalted()  returns FALSE (0001ms, 1292ms total)
T1628 002:197 JLINK_IsHalted()  returns FALSE (0001ms, 1292ms total)
T1628 002:199 JLINK_IsHalted()  returns FALSE (0001ms, 1292ms total)
T1628 002:201 JLINK_IsHalted()  returns FALSE (0001ms, 1292ms total)
T1628 002:203 JLINK_IsHalted()  returns FALSE (0001ms, 1292ms total)
T1628 002:205 JLINK_IsHalted()  returns FALSE (0001ms, 1292ms total)
T1628 002:207 JLINK_IsHalted()  returns FALSE (0001ms, 1292ms total)
T1628 002:209 JLINK_IsHalted()  returns FALSE (0001ms, 1292ms total)
T1628 002:211 JLINK_IsHalted()  returns FALSE (0001ms, 1292ms total)
T1628 002:213 JLINK_IsHalted()  returns FALSE (0001ms, 1292ms total)
T1628 002:215 JLINK_IsHalted()  returns FALSE (0001ms, 1292ms total)
T1628 002:217 JLINK_IsHalted()  returns FALSE (0001ms, 1292ms total)
T1628 002:219 JLINK_IsHalted()  returns FALSE (0001ms, 1292ms total)
T1628 002:221 JLINK_IsHalted()  returns FALSE (0001ms, 1292ms total)
T1628 002:223 JLINK_IsHalted()  returns FALSE (0001ms, 1292ms total)
T1628 002:225 JLINK_IsHalted()  returns FALSE (0001ms, 1292ms total)
T1628 002:227 JLINK_IsHalted()  returns FALSE (0001ms, 1292ms total)
T1628 002:229 JLINK_IsHalted()  returns FALSE (0001ms, 1292ms total)
T1628 002:231 JLINK_IsHalted()  returns FALSE (0001ms, 1292ms total)
T1628 002:233 JLINK_IsHalted()  returns FALSE (0001ms, 1292ms total)
T1628 002:235 JLINK_IsHalted()  returns FALSE (0001ms, 1292ms total)
T1628 002:237 JLINK_IsHalted()  returns FALSE (0001ms, 1292ms total)
T1628 002:239 JLINK_IsHalted()  returns FALSE (0001ms, 1292ms total)
T1628 002:241 JLINK_IsHalted()  returns FALSE (0001ms, 1292ms total)
T1628 002:243 JLINK_IsHalted()  returns FALSE (0001ms, 1292ms total)
T1628 002:245 JLINK_IsHalted()  returns FALSE (0001ms, 1292ms total)
T1628 002:247 JLINK_IsHalted()  returns FALSE (0002ms, 1293ms total)
T1628 002:251 JLINK_IsHalted()  returns FALSE (0001ms, 1292ms total)
T1628 002:253 JLINK_IsHalted()  returns FALSE (0001ms, 1292ms total)
T1628 002:255 JLINK_IsHalted()  returns FALSE (0001ms, 1292ms total)
T1628 002:257 JLINK_IsHalted()  returns FALSE (0000ms, 1291ms total)
T1628 002:258 JLINK_IsHalted()  returns FALSE (0001ms, 1292ms total)
T1628 002:260 JLINK_IsHalted()  returns FALSE (0000ms, 1291ms total)
T1628 002:261 JLINK_IsHalted()  returns FALSE (0001ms, 1292ms total)
T1628 002:263 JLINK_IsHalted()  returns FALSE (0001ms, 1292ms total)
T1628 002:265 JLINK_IsHalted()  returns FALSE (0001ms, 1292ms total)
T1628 002:267 JLINK_IsHalted()  returns FALSE (0001ms, 1292ms total)
T1628 002:269 JLINK_IsHalted()  returns FALSE (0001ms, 1292ms total)
T1628 002:271 JLINK_IsHalted()  returns FALSE (0000ms, 1291ms total)
T1628 002:272 JLINK_IsHalted()  returns FALSE (0001ms, 1292ms total)
T1628 002:274 JLINK_IsHalted()  returns FALSE (0000ms, 1291ms total)
T1628 002:275 JLINK_IsHalted()  returns FALSE (0000ms, 1291ms total)
T1628 002:276 JLINK_IsHalted()  returns FALSE (0001ms, 1292ms total)
T1628 002:278 JLINK_IsHalted()  returns FALSE (0000ms, 1291ms total)
T1628 002:279 JLINK_IsHalted()  returns FALSE (0001ms, 1292ms total)
T1628 002:281 JLINK_IsHalted()  returns FALSE (0001ms, 1292ms total)
T1628 002:283 JLINK_IsHalted()  returns FALSE (0001ms, 1292ms total)
T1628 002:285 JLINK_IsHalted()  returns FALSE (0000ms, 1291ms total)
T1628 002:286 JLINK_IsHalted()  returns FALSE (0000ms, 1291ms total)
T1628 002:287 JLINK_IsHalted()  returns FALSE (0001ms, 1292ms total)
T1628 002:289 JLINK_IsHalted()  returns FALSE (0001ms, 1292ms total)
T1628 002:291 JLINK_IsHalted()  returns FALSE (0001ms, 1292ms total)
T1628 002:293 JLINK_IsHalted()  returns FALSE (0001ms, 1292ms total)
T1628 002:295 JLINK_IsHalted()  returns FALSE (0001ms, 1292ms total)
T1628 002:297 JLINK_IsHalted()  returns FALSE (0001ms, 1292ms total)
T1628 002:299 JLINK_IsHalted()  returns FALSE (0001ms, 1292ms total)
T1628 002:301 JLINK_IsHalted()  returns FALSE (0001ms, 1292ms total)
T1628 002:303 JLINK_IsHalted()  returns FALSE (0000ms, 1291ms total)
T1628 002:304 JLINK_IsHalted()  returns FALSE (0000ms, 1291ms total)
T1628 002:305 JLINK_IsHalted()  returns FALSE (0001ms, 1292ms total)
T1628 002:307 JLINK_IsHalted()  returns FALSE (0001ms, 1292ms total)
T1628 002:309 JLINK_IsHalted()  returns FALSE (0001ms, 1292ms total)
T1628 002:311 JLINK_IsHalted()  returns FALSE (0001ms, 1292ms total)
T1628 002:313 JLINK_IsHalted()  returns FALSE (0001ms, 1292ms total)
T1628 002:315 JLINK_IsHalted()  returns FALSE (0001ms, 1292ms total)
T1628 002:317 JLINK_IsHalted()  returns FALSE (0000ms, 1291ms total)
T1628 002:318 JLINK_IsHalted()  returns FALSE (0001ms, 1292ms total)
T1628 002:320 JLINK_IsHalted()  returns FALSE (0001ms, 1292ms total)
T1628 002:322 JLINK_IsHalted()  returns FALSE (0000ms, 1291ms total)
T1628 002:323 JLINK_IsHalted()  returns FALSE (0000ms, 1291ms total)
T1628 002:324 JLINK_IsHalted()  returns FALSE (0001ms, 1292ms total)
T1628 002:326 JLINK_IsHalted()  returns FALSE (0000ms, 1291ms total)
T1628 002:327 JLINK_IsHalted()  returns FALSE (0000ms, 1291ms total)
T1628 002:328 JLINK_IsHalted()  returns FALSE (0001ms, 1292ms total)
T1628 002:330 JLINK_IsHalted()  returns FALSE (0000ms, 1292ms total)
T1628 002:331 JLINK_IsHalted()  returns FALSE (0000ms, 1292ms total)
T1628 002:332 JLINK_IsHalted()  returns FALSE (0001ms, 1293ms total)
T1628 002:334 JLINK_IsHalted()  returns FALSE (0000ms, 1292ms total)
T1628 002:335 JLINK_IsHalted()  returns FALSE (0000ms, 1292ms total)
T1628 002:336 JLINK_IsHalted()  returns FALSE (0001ms, 1293ms total)
T1628 002:338 JLINK_IsHalted()  returns FALSE (0001ms, 1293ms total)
T1628 002:340 JLINK_IsHalted()  returns FALSE (0001ms, 1293ms total)
T1628 002:342 JLINK_IsHalted()  returns FALSE (0001ms, 1293ms total)
T1628 002:344 JLINK_IsHalted()  returns FALSE (0000ms, 1292ms total)
T1628 002:345 JLINK_IsHalted()  returns FALSE (0000ms, 1292ms total)
T1628 002:346 JLINK_IsHalted()  returns FALSE (0000ms, 1292ms total)
T1628 002:347 JLINK_IsHalted()  returns FALSE (0000ms, 1292ms total)
T1628 002:348 JLINK_IsHalted()  returns FALSE (0000ms, 1292ms total)
T1628 002:349 JLINK_IsHalted()  returns FALSE (0000ms, 1292ms total)
T1628 002:350 JLINK_IsHalted()  returns FALSE (0000ms, 1292ms total)
T1628 002:351 JLINK_IsHalted()  returns FALSE (0000ms, 1292ms total)
T1628 002:352 JLINK_IsHalted()  returns FALSE (0000ms, 1292ms total)
T1628 002:353 JLINK_IsHalted()  returns FALSE (0000ms, 1292ms total)
T1628 002:354 JLINK_IsHalted()  returns FALSE (0001ms, 1293ms total)
T1628 002:356 JLINK_IsHalted()  returns FALSE (0000ms, 1292ms total)
T1628 002:357 JLINK_IsHalted()  returns FALSE (0001ms, 1293ms total)
T1628 002:359 JLINK_IsHalted()  returns FALSE (0001ms, 1293ms total)
T1628 002:361 JLINK_IsHalted()  returns FALSE (0000ms, 1292ms total)
T1628 002:362 JLINK_IsHalted()  returns FALSE (0001ms, 1293ms total)
T1628 002:364 JLINK_IsHalted()  returns FALSE (0000ms, 1292ms total)
T1628 002:365 JLINK_IsHalted()  returns FALSE (0000ms, 1292ms total)
T1628 002:366 JLINK_IsHalted()  returns FALSE (0000ms, 1292ms total)
T1628 002:367 JLINK_IsHalted()  returns FALSE (0001ms, 1293ms total)
T1628 002:369 JLINK_IsHalted()  returns FALSE (0000ms, 1292ms total)
T1628 002:370 JLINK_IsHalted()  returns FALSE (0001ms, 1293ms total)
T1628 002:372 JLINK_IsHalted()  returns FALSE (0000ms, 1292ms total)
T1628 002:373 JLINK_IsHalted()  returns FALSE (0000ms, 1292ms total)
T1628 002:374 JLINK_IsHalted()  returns FALSE (0000ms, 1292ms total)
T1628 002:375 JLINK_IsHalted()  returns FALSE (0000ms, 1292ms total)
T1628 002:376 JLINK_IsHalted()  returns FALSE (0000ms, 1292ms total)
T1628 002:377 JLINK_IsHalted()  returns FALSE (0001ms, 1293ms total)
T1628 002:379 JLINK_IsHalted()  returns FALSE (0000ms, 1292ms total)
T1628 002:380 JLINK_IsHalted()  returns FALSE (0000ms, 1292ms total)
T1628 002:381 JLINK_IsHalted()  returns FALSE (0000ms, 1292ms total)
T1628 002:382 JLINK_IsHalted()  returns FALSE (0000ms, 1292ms total)
T1628 002:383 JLINK_IsHalted()  returns FALSE (0000ms, 1292ms total)
T1628 002:384 JLINK_IsHalted()  returns FALSE (0000ms, 1292ms total)
T1628 002:385 JLINK_IsHalted()  returns FALSE (0001ms, 1293ms total)
T1628 002:387 JLINK_IsHalted()  returns FALSE (0000ms, 1292ms total)
T1628 002:388 JLINK_IsHalted()  returns FALSE (0001ms, 1293ms total)
T1628 002:390 JLINK_IsHalted()  returns FALSE (0000ms, 1292ms total)
T1628 002:391 JLINK_IsHalted()  returns FALSE (0001ms, 1293ms total)
T1628 002:393 JLINK_IsHalted()  returns FALSE (0000ms, 1292ms total)
T1628 002:394 JLINK_IsHalted()  returns FALSE (0001ms, 1293ms total)
T1628 002:396 JLINK_IsHalted()  returns FALSE (0001ms, 1293ms total)
T1628 002:398 JLINK_IsHalted()  returns FALSE (0000ms, 1292ms total)
T1628 002:399 JLINK_IsHalted()  returns FALSE (0000ms, 1292ms total)
T1628 002:400 JLINK_IsHalted()  returns FALSE (0001ms, 1293ms total)
T1628 002:402 JLINK_IsHalted()  returns FALSE (0000ms, 1292ms total)
T1628 002:403 JLINK_IsHalted()  returns FALSE (0000ms, 1292ms total)
T1628 002:404 JLINK_IsHalted()  returns FALSE (0001ms, 1293ms total)
T1628 002:406 JLINK_IsHalted()  returns FALSE (0000ms, 1292ms total)
T1628 002:407 JLINK_IsHalted()  returns FALSE (0001ms, 1293ms total)
T1628 002:409 JLINK_IsHalted()  returns FALSE (0000ms, 1292ms total)
T1628 002:410 JLINK_IsHalted()  returns FALSE (0000ms, 1292ms total)
T1628 002:411 JLINK_IsHalted()  returns FALSE (0001ms, 1293ms total)
T1628 002:413 JLINK_IsHalted()  returns FALSE (0001ms, 1293ms total)
T1628 002:415 JLINK_IsHalted()  returns FALSE (0000ms, 1292ms total)
T1628 002:416 JLINK_IsHalted()  returns FALSE (0001ms, 1293ms total)
T1628 002:418 JLINK_IsHalted()  returns FALSE (0000ms, 1292ms total)
T1628 002:419 JLINK_IsHalted()  returns FALSE (0001ms, 1293ms total)
T1628 002:421 JLINK_IsHalted()  returns FALSE (0001ms, 1293ms total)
T1628 002:423 JLINK_IsHalted()  returns FALSE (0000ms, 1292ms total)
T1628 002:424 JLINK_IsHalted()  returns FALSE (0001ms, 1293ms total)
T1628 002:426 JLINK_IsHalted()  returns FALSE (0000ms, 1292ms total)
T1628 002:427 JLINK_IsHalted()  returns FALSE (0000ms, 1292ms total)
T1628 002:428 JLINK_IsHalted()  returns FALSE (0000ms, 1292ms total)
T1628 002:429 JLINK_IsHalted()  returns FALSE (0001ms, 1293ms total)
T1628 002:431 JLINK_IsHalted()  returns FALSE (0001ms, 1293ms total)
T1628 002:433 JLINK_IsHalted()  returns FALSE (0001ms, 1293ms total)
T1628 002:435 JLINK_IsHalted()  returns FALSE (0000ms, 1292ms total)
T1628 002:436 JLINK_IsHalted()  returns FALSE (0001ms, 1293ms total)
T1628 002:438 JLINK_IsHalted()  returns FALSE (0001ms, 1293ms total)
T1628 002:440 JLINK_IsHalted()  returns FALSE (0001ms, 1293ms total)
T1628 002:442 JLINK_IsHalted()  returns FALSE (0000ms, 1292ms total)
T1628 002:443 JLINK_IsHalted()  returns FALSE (0001ms, 1293ms total)
T1628 002:445 JLINK_IsHalted()  returns FALSE (0001ms, 1293ms total)
T1628 002:447 JLINK_IsHalted()  returns FALSE (0001ms, 1293ms total)
T1628 002:449 JLINK_IsHalted()  returns FALSE (0000ms, 1292ms total)
T1628 002:450 JLINK_IsHalted()  returns FALSE (0000ms, 1292ms total)
T1628 002:451 JLINK_IsHalted()  returns FALSE (0000ms, 1292ms total)
T1628 002:452 JLINK_IsHalted()  returns FALSE (0000ms, 1292ms total)
T1628 002:453 JLINK_IsHalted()  returns FALSE (0001ms, 1293ms total)
T1628 002:455 JLINK_IsHalted()  returns FALSE (0000ms, 1292ms total)
T1628 002:456 JLINK_IsHalted()  returns FALSE (0000ms, 1292ms total)
T1628 002:457 JLINK_IsHalted()  returns FALSE (0001ms, 1293ms total)
T1628 002:459 JLINK_IsHalted()  returns FALSE (0001ms, 1293ms total)
T1628 002:461 JLINK_IsHalted()  returns FALSE (0002ms, 1294ms total)
T1628 002:465 JLINK_IsHalted()  returns FALSE (0002ms, 1294ms total)
T1628 002:468 JLINK_IsHalted()  returns FALSE (0001ms, 1293ms total)
T1628 002:470 JLINK_IsHalted()  returns FALSE (0001ms, 1293ms total)
T1628 002:473 JLINK_IsHalted()  returns FALSE (0001ms, 1293ms total)
T1628 002:475 JLINK_IsHalted()  returns FALSE (0001ms, 1293ms total)
T1628 002:477 JLINK_IsHalted()  returns FALSE (0001ms, 1293ms total)
T1628 002:480 JLINK_IsHalted()  returns FALSE (0001ms, 1293ms total)
T1628 002:484 JLINK_IsHalted()  returns FALSE (0002ms, 1294ms total)
T1628 002:487 JLINK_IsHalted()  returns FALSE (0001ms, 1293ms total)
T1628 002:489 JLINK_IsHalted()  returns FALSE (0001ms, 1293ms total)
T1628 002:491 JLINK_IsHalted()  returns FALSE (0001ms, 1293ms total)
T1628 002:493 JLINK_IsHalted()  returns FALSE (0001ms, 1293ms total)
T1628 002:495 JLINK_IsHalted()  returns FALSE (0001ms, 1293ms total)
T1628 002:497 JLINK_IsHalted()  returns FALSE (0000ms, 1292ms total)
T1628 002:498 JLINK_IsHalted()  returns FALSE (0000ms, 1292ms total)
T1628 002:499 JLINK_IsHalted()  returns FALSE (0001ms, 1293ms total)
T1628 002:501 JLINK_IsHalted()  returns FALSE (0001ms, 1293ms total)
T1628 002:503 JLINK_IsHalted()  returns FALSE (0000ms, 1292ms total)
T1628 002:504 JLINK_IsHalted()  returns FALSE (0000ms, 1292ms total)
T1628 002:505 JLINK_IsHalted()  returns FALSE (0000ms, 1292ms total)
T1628 002:506 JLINK_IsHalted()  returns FALSE (0001ms, 1293ms total)
T1628 002:508 JLINK_IsHalted()  returns FALSE (0000ms, 1292ms total)
T1628 002:509 JLINK_IsHalted()  returns FALSE (0001ms, 1293ms total)
T1628 002:511 JLINK_IsHalted()  returns FALSE (0001ms, 1293ms total)
T1628 002:513 JLINK_IsHalted()  returns FALSE (0000ms, 1292ms total)
T1628 002:514 JLINK_IsHalted()  returns FALSE (0001ms, 1293ms total)
T1628 002:516 JLINK_IsHalted()  returns FALSE (0000ms, 1292ms total)
T1628 002:517 JLINK_IsHalted()  returns FALSE (0000ms, 1292ms total)
T1628 002:518 JLINK_IsHalted()  returns FALSE (0001ms, 1293ms total)
T1628 002:520 JLINK_IsHalted()  returns FALSE (0000ms, 1292ms total)
T1628 002:521 JLINK_IsHalted()  returns FALSE (0001ms, 1293ms total)
T1628 002:523 JLINK_IsHalted()  returns FALSE (0000ms, 1292ms total)
T1628 002:524 JLINK_IsHalted()  returns FALSE (0000ms, 1292ms total)
T1628 002:525 JLINK_IsHalted()  returns FALSE (0000ms, 1292ms total)
T1628 002:526 JLINK_IsHalted()  returns FALSE (0000ms, 1292ms total)
T1628 002:527 JLINK_IsHalted()  returns FALSE (0000ms, 1292ms total)
T1628 002:528 JLINK_IsHalted()  returns FALSE (0000ms, 1292ms total)
T1628 002:529 JLINK_IsHalted()  returns FALSE (0000ms, 1292ms total)
T1628 002:530 JLINK_IsHalted()  returns FALSE (0001ms, 1293ms total)
T1628 002:532 JLINK_IsHalted()  returns FALSE (0000ms, 1292ms total)
T1628 002:533 JLINK_IsHalted()  returns FALSE (0000ms, 1292ms total)
T1628 002:534 JLINK_IsHalted()  returns FALSE (0000ms, 1292ms total)
T1628 002:535 JLINK_IsHalted()  returns FALSE (0000ms, 1292ms total)
T1628 002:536 JLINK_IsHalted()  returns FALSE (0001ms, 1293ms total)
T1628 002:538 JLINK_IsHalted()  returns FALSE (0001ms, 1293ms total)
T1628 002:540 JLINK_IsHalted()  returns FALSE (0000ms, 1292ms total)
T1628 002:541 JLINK_IsHalted()  returns FALSE (0000ms, 1292ms total)
T1628 002:542 JLINK_IsHalted()  returns FALSE (0000ms, 1292ms total)
T1628 002:543 JLINK_IsHalted()  returns FALSE (0000ms, 1292ms total)
T1628 002:544 JLINK_IsHalted()  returns FALSE (0000ms, 1292ms total)
T1628 002:545 JLINK_IsHalted()  returns FALSE (0000ms, 1292ms total)
T1628 002:546 JLINK_IsHalted()  returns FALSE (0000ms, 1292ms total)
T1628 002:547 JLINK_IsHalted()  returns FALSE (0000ms, 1292ms total)
T1628 002:548 JLINK_IsHalted()  returns FALSE (0000ms, 1292ms total)
T1628 002:549 JLINK_IsHalted()  returns FALSE (0000ms, 1292ms total)
T1628 002:550 JLINK_IsHalted()  returns FALSE (0000ms, 1292ms total)
T1628 002:551 JLINK_IsHalted()  returns FALSE (0000ms, 1292ms total)
T1628 002:552 JLINK_IsHalted()  returns FALSE (0000ms, 1292ms total)
T1628 002:553 JLINK_IsHalted()  returns FALSE (0000ms, 1292ms total)
T1628 002:554 JLINK_IsHalted()  returns FALSE (0000ms, 1292ms total)
T1628 002:555 JLINK_IsHalted()  returns FALSE (0000ms, 1292ms total)
T1628 002:556 JLINK_IsHalted()  returns FALSE (0000ms, 1292ms total)
T1628 002:557 JLINK_IsHalted()  returns FALSE (0000ms, 1292ms total)
T1628 002:558 JLINK_IsHalted()  returns FALSE (0000ms, 1292ms total)
T1628 002:559 JLINK_IsHalted()  returns FALSE (0000ms, 1292ms total)
T1628 002:560 JLINK_IsHalted()  returns FALSE (0000ms, 1292ms total)
T1628 002:561 JLINK_IsHalted()  returns FALSE (0000ms, 1292ms total)
T1628 002:562 JLINK_IsHalted()  returns FALSE (0000ms, 1292ms total)
T1628 002:563 JLINK_IsHalted()  returns FALSE (0000ms, 1292ms total)
T1628 002:564 JLINK_IsHalted()  returns FALSE (0000ms, 1292ms total)
T1628 002:565 JLINK_IsHalted()  returns FALSE (0000ms, 1292ms total)
T1628 002:566 JLINK_IsHalted()  returns FALSE (0001ms, 1293ms total)
T1628 002:568 JLINK_IsHalted()  returns FALSE (0001ms, 1293ms total)
T1628 002:570 JLINK_IsHalted()  returns FALSE (0000ms, 1292ms total)
T1628 002:571 JLINK_IsHalted()  returns FALSE (0000ms, 1292ms total)
T1628 002:572 JLINK_IsHalted()  returns FALSE (0000ms, 1292ms total)
T1628 002:573 JLINK_IsHalted()  returns FALSE (0000ms, 1292ms total)
T1628 002:574 JLINK_IsHalted()  returns FALSE (0000ms, 1292ms total)
T1628 002:575 JLINK_IsHalted()  returns FALSE (0000ms, 1292ms total)
T1628 002:576 JLINK_IsHalted()  returns FALSE (0000ms, 1292ms total)
T1628 002:577 JLINK_IsHalted()  returns FALSE (0000ms, 1292ms total)
T1628 002:578 JLINK_IsHalted()  returns FALSE (0000ms, 1292ms total)
T1628 002:579 JLINK_IsHalted()  returns FALSE (0000ms, 1292ms total)
T1628 002:580 JLINK_IsHalted()  returns FALSE (0000ms, 1292ms total)
T1628 002:581 JLINK_IsHalted()  returns FALSE (0000ms, 1292ms total)
T1628 002:582 JLINK_IsHalted()  returns FALSE (0000ms, 1292ms total)
T1628 002:583 JLINK_IsHalted()  returns FALSE (0000ms, 1292ms total)
T1628 002:584 JLINK_IsHalted()  returns FALSE (0000ms, 1292ms total)
T1628 002:585 JLINK_IsHalted()  returns FALSE (0003ms, 1295ms total)
T1628 002:589 JLINK_IsHalted()  returns FALSE (0001ms, 1293ms total)
T1628 002:591 JLINK_IsHalted()  returns FALSE (0001ms, 1293ms total)
T1628 002:593 JLINK_IsHalted()  returns FALSE (0001ms, 1293ms total)
T1628 002:595 JLINK_IsHalted()  returns FALSE (0001ms, 1293ms total)
T1628 002:597 JLINK_IsHalted()  returns FALSE (0001ms, 1293ms total)
T1628 002:599 JLINK_IsHalted()  returns FALSE (0001ms, 1293ms total)
T1628 002:601 JLINK_IsHalted()  returns FALSE (0001ms, 1293ms total)
T1628 002:603 JLINK_IsHalted()  returns FALSE (0001ms, 1293ms total)
T1628 002:605 JLINK_IsHalted()  returns FALSE (0001ms, 1293ms total)
T1628 002:607 JLINK_IsHalted()  returns FALSE (0001ms, 1293ms total)
T1628 002:609 JLINK_IsHalted()  returns FALSE (0001ms, 1293ms total)
T1628 002:611 JLINK_IsHalted()  returns FALSE (0001ms, 1293ms total)
T1628 002:613 JLINK_IsHalted()  returns FALSE (0001ms, 1293ms total)
T1628 002:615 JLINK_IsHalted()  returns FALSE (0001ms, 1293ms total)
T1628 002:617 JLINK_IsHalted()  returns FALSE (0001ms, 1293ms total)
T1628 002:619 JLINK_IsHalted()  returns FALSE (0001ms, 1293ms total)
T1628 002:621 JLINK_IsHalted()  returns FALSE (0001ms, 1293ms total)
T1628 002:623 JLINK_IsHalted()  returns FALSE (0001ms, 1293ms total)
T1628 002:625 JLINK_IsHalted()  returns FALSE (0001ms, 1293ms total)
T1628 002:627 JLINK_IsHalted()  returns FALSE (0001ms, 1293ms total)
T1628 002:629 JLINK_IsHalted()  returns FALSE (0001ms, 1293ms total)
T1628 002:631 JLINK_IsHalted()  returns FALSE (0001ms, 1293ms total)
T1628 002:633 JLINK_IsHalted()  returns FALSE (0001ms, 1293ms total)
T1628 002:635 JLINK_IsHalted()  returns FALSE (0001ms, 1293ms total)
T1628 002:637 JLINK_IsHalted()  returns FALSE (0001ms, 1293ms total)
T1628 002:639 JLINK_IsHalted()  returns FALSE (0001ms, 1293ms total)
T1628 002:641 JLINK_IsHalted()  returns FALSE (0001ms, 1293ms total)
T1628 002:643 JLINK_IsHalted()  returns FALSE (0001ms, 1293ms total)
T1628 002:645 JLINK_IsHalted()  returns FALSE (0001ms, 1293ms total)
T1628 002:647 JLINK_IsHalted()  returns FALSE (0001ms, 1293ms total)
T1628 002:649 JLINK_IsHalted()  returns FALSE (0001ms, 1293ms total)
T1628 002:651 JLINK_IsHalted()  returns FALSE (0001ms, 1293ms total)
T1628 002:653 JLINK_IsHalted()  returns FALSE (0001ms, 1293ms total)
T1628 002:655 JLINK_IsHalted()  returns FALSE (0001ms, 1293ms total)
T1628 002:657 JLINK_IsHalted()  returns FALSE (0001ms, 1293ms total)
T1628 002:659 JLINK_IsHalted()  returns FALSE (0001ms, 1293ms total)
T1628 002:661 JLINK_IsHalted()  returns FALSE (0001ms, 1293ms total)
T1628 002:663 JLINK_IsHalted()  returns FALSE (0001ms, 1293ms total)
T1628 002:665 JLINK_IsHalted()  returns FALSE (0001ms, 1293ms total)
T1628 002:667 JLINK_IsHalted()  returns FALSE (0001ms, 1293ms total)
T1628 002:669 JLINK_IsHalted()  returns FALSE (0001ms, 1293ms total)
T1628 002:671 JLINK_IsHalted()  returns FALSE (0001ms, 1293ms total)
T1628 002:673 JLINK_IsHalted()  returns FALSE (0001ms, 1293ms total)
T1628 002:675 JLINK_IsHalted()  returns FALSE (0001ms, 1293ms total)
T1628 002:677 JLINK_IsHalted()  returns FALSE (0001ms, 1293ms total)
T1628 002:679 JLINK_IsHalted()  returns FALSE (0001ms, 1293ms total)
T1628 002:681 JLINK_IsHalted()  returns FALSE (0001ms, 1293ms total)
T1628 002:683 JLINK_IsHalted()  returns FALSE (0001ms, 1293ms total)
T1628 002:685 JLINK_IsHalted()  returns FALSE (0001ms, 1293ms total)
T1628 002:687 JLINK_IsHalted()  returns FALSE (0001ms, 1293ms total)
T1628 002:689 JLINK_IsHalted()  returns FALSE (0001ms, 1293ms total)
T1628 002:691 JLINK_IsHalted()  returns FALSE (0001ms, 1293ms total)
T1628 002:693 JLINK_IsHalted()  returns FALSE (0001ms, 1293ms total)
T1628 002:695 JLINK_IsHalted()  returns FALSE (0001ms, 1293ms total)
T1628 002:697 JLINK_IsHalted()  returns FALSE (0001ms, 1293ms total)
T1628 002:699 JLINK_IsHalted()  returns FALSE (0001ms, 1293ms total)
T1628 002:701 JLINK_IsHalted()  returns FALSE (0001ms, 1293ms total)
T1628 002:703 JLINK_IsHalted()  returns FALSE (0000ms, 1292ms total)
T1628 002:704 JLINK_IsHalted()  returns FALSE (0001ms, 1293ms total)
T1628 002:706 JLINK_IsHalted()  returns FALSE (0000ms, 1292ms total)
T1628 002:707 JLINK_IsHalted()  returns FALSE (0001ms, 1293ms total)
T1628 002:709 JLINK_IsHalted()  returns FALSE (0001ms, 1293ms total)
T1628 002:711 JLINK_IsHalted()  returns FALSE (0001ms, 1293ms total)
T1628 002:713 JLINK_IsHalted()  returns FALSE (0001ms, 1293ms total)
T1628 002:715 JLINK_IsHalted()  returns FALSE (0000ms, 1292ms total)
T1628 002:716 JLINK_IsHalted()  returns FALSE (0001ms, 1293ms total)
T1628 002:718 JLINK_IsHalted()  returns FALSE (0001ms, 1293ms total)
T1628 002:720 JLINK_IsHalted()  returns FALSE (0001ms, 1293ms total)
T1628 002:722 JLINK_IsHalted()  returns FALSE (0001ms, 1293ms total)
T1628 002:724 JLINK_IsHalted()  returns FALSE (0001ms, 1293ms total)
T1628 002:726 JLINK_IsHalted()  returns FALSE (0001ms, 1293ms total)
T1628 002:728 JLINK_IsHalted()  returns FALSE (0001ms, 1293ms total)
T1628 002:730 JLINK_IsHalted()  returns FALSE (0001ms, 1293ms total)
T1628 002:732 JLINK_IsHalted()  returns FALSE (0001ms, 1293ms total)
T1628 002:734 JLINK_IsHalted()  returns FALSE (0001ms, 1293ms total)
T1628 002:736 JLINK_IsHalted()  returns FALSE (0001ms, 1293ms total)
T1628 002:738 JLINK_IsHalted()  returns FALSE (0001ms, 1293ms total)
T1628 002:740 JLINK_IsHalted()  returns FALSE (0001ms, 1293ms total)
T1628 002:742 JLINK_IsHalted()  returns FALSE (0001ms, 1293ms total)
T1628 002:744 JLINK_IsHalted()  returns FALSE (0001ms, 1293ms total)
T1628 002:746 JLINK_IsHalted()  returns FALSE (0001ms, 1293ms total)
T1628 002:748 JLINK_IsHalted()  returns FALSE (0001ms, 1293ms total)
T1628 002:750 JLINK_IsHalted()  returns FALSE (0001ms, 1293ms total)
T1628 002:752 JLINK_IsHalted()  returns FALSE (0001ms, 1293ms total)
T1628 002:754 JLINK_IsHalted()  returns FALSE (0001ms, 1293ms total)
T1628 002:756 JLINK_IsHalted()  returns FALSE (0001ms, 1293ms total)
T1628 002:758 JLINK_IsHalted()  returns FALSE (0001ms, 1293ms total)
T1628 002:760 JLINK_IsHalted()  returns FALSE (0001ms, 1293ms total)
T1628 002:762 JLINK_IsHalted()  returns FALSE (0001ms, 1293ms total)
T1628 002:764 JLINK_IsHalted()  returns FALSE (0001ms, 1293ms total)
T1628 002:766 JLINK_IsHalted()  returns FALSE (0001ms, 1293ms total)
T1628 002:768 JLINK_IsHalted()  returns FALSE (0001ms, 1293ms total)
T1628 002:770 JLINK_IsHalted()  returns FALSE (0001ms, 1293ms total)
T1628 002:772 JLINK_IsHalted()  returns FALSE (0002ms, 1294ms total)
T1628 002:775 JLINK_IsHalted()  returns FALSE (0001ms, 1293ms total)
T1628 002:777 JLINK_IsHalted()  returns FALSE (0001ms, 1293ms total)
T1628 002:779 JLINK_IsHalted()  returns FALSE (0001ms, 1293ms total)
T1628 002:781 JLINK_IsHalted()  returns FALSE (0001ms, 1293ms total)
T1628 002:783 JLINK_IsHalted()  returns FALSE (0001ms, 1293ms total)
T1628 002:785 JLINK_IsHalted()  returns FALSE (0001ms, 1293ms total)
T1628 002:787 JLINK_IsHalted()  returns FALSE (0001ms, 1293ms total)
T1628 002:789 JLINK_IsHalted()  returns FALSE (0001ms, 1293ms total)
T1628 002:791 JLINK_IsHalted()  returns FALSE (0001ms, 1293ms total)
T1628 002:793 JLINK_IsHalted()  returns FALSE (0001ms, 1293ms total)
T1628 002:795 JLINK_IsHalted()  returns FALSE (0001ms, 1293ms total)
T1628 002:797 JLINK_IsHalted()  returns FALSE (0001ms, 1293ms total)
T1628 002:799 JLINK_IsHalted()  returns FALSE (0001ms, 1293ms total)
T1628 002:801 JLINK_IsHalted()  returns FALSE (0001ms, 1293ms total)
T1628 002:803 JLINK_IsHalted()  returns FALSE (0001ms, 1293ms total)
T1628 002:805 JLINK_IsHalted()  returns FALSE (0001ms, 1293ms total)
T1628 002:807 JLINK_IsHalted()  returns FALSE (0001ms, 1293ms total)
T1628 002:809 JLINK_IsHalted()  returns FALSE (0001ms, 1293ms total)
T1628 002:811 JLINK_IsHalted()  returns FALSE (0001ms, 1293ms total)
T1628 002:813 JLINK_IsHalted()  returns FALSE (0001ms, 1293ms total)
T1628 002:815 JLINK_IsHalted()  returns FALSE (0001ms, 1293ms total)
T1628 002:817 JLINK_IsHalted()  returns FALSE (0001ms, 1293ms total)
T1628 002:819 JLINK_IsHalted()  returns FALSE (0001ms, 1293ms total)
T1628 002:821 JLINK_IsHalted()  returns FALSE (0001ms, 1293ms total)
T1628 002:823 JLINK_IsHalted()  returns FALSE (0001ms, 1293ms total)
T1628 002:825 JLINK_IsHalted()  returns FALSE (0001ms, 1293ms total)
T1628 002:827 JLINK_IsHalted()  returns FALSE (0001ms, 1293ms total)
T1628 002:829 JLINK_IsHalted()  returns FALSE (0001ms, 1293ms total)
T1628 002:831 JLINK_IsHalted()  returns FALSE (0001ms, 1293ms total)
T1628 002:834 JLINK_IsHalted()  returns FALSE (0001ms, 1293ms total)
T1628 002:837 JLINK_IsHalted()  returns FALSE (0001ms, 1293ms total)
T1628 002:839 JLINK_IsHalted()  returns FALSE (0001ms, 1293ms total)
T1628 002:841 JLINK_IsHalted()  returns FALSE (0001ms, 1293ms total)
T1628 002:843 JLINK_IsHalted()  returns FALSE (0001ms, 1293ms total)
T1628 002:845 JLINK_IsHalted()  returns FALSE (0001ms, 1293ms total)
T1628 002:847 JLINK_IsHalted()  returns FALSE (0000ms, 1292ms total)
T1628 002:848 JLINK_IsHalted()  returns FALSE (0001ms, 1293ms total)
T1628 002:850 JLINK_IsHalted()  returns FALSE (0000ms, 1292ms total)
T1628 002:851 JLINK_IsHalted()  returns FALSE (0001ms, 1293ms total)
T1628 002:853 JLINK_IsHalted()  returns FALSE (0000ms, 1292ms total)
T1628 002:854 JLINK_IsHalted()  returns FALSE (0000ms, 1292ms total)
T1628 002:855 JLINK_IsHalted()  returns FALSE (0000ms, 1292ms total)
T1628 002:856 JLINK_IsHalted()  returns FALSE (0001ms, 1293ms total)
T1628 002:858 JLINK_IsHalted()  returns FALSE (0001ms, 1293ms total)
T1628 002:860 JLINK_IsHalted()  returns FALSE (0001ms, 1293ms total)
T1628 002:862 JLINK_IsHalted()  returns FALSE (0001ms, 1293ms total)
T1628 002:864 JLINK_IsHalted()  returns FALSE (0000ms, 1292ms total)
T1628 002:865 JLINK_IsHalted()  returns FALSE (0001ms, 1293ms total)
T1628 002:867 JLINK_IsHalted()  returns FALSE (0001ms, 1293ms total)
T1628 002:869 JLINK_IsHalted()  returns FALSE (0001ms, 1293ms total)
T1628 002:871 JLINK_IsHalted()  returns FALSE (0001ms, 1293ms total)
T1628 002:873 JLINK_IsHalted()  returns FALSE (0000ms, 1292ms total)
T1628 002:874 JLINK_IsHalted()  returns FALSE (0001ms, 1293ms total)
T1628 002:876 JLINK_IsHalted()  returns FALSE (0001ms, 1293ms total)
T1628 002:878 JLINK_IsHalted()  returns FALSE (0000ms, 1292ms total)
T1628 002:879 JLINK_IsHalted()  returns FALSE (0001ms, 1293ms total)
T1628 002:881 JLINK_IsHalted()  returns FALSE (0000ms, 1292ms total)
T1628 002:882 JLINK_IsHalted()  returns FALSE (0001ms, 1293ms total)
T1628 002:884 JLINK_IsHalted()  returns FALSE (0001ms, 1293ms total)
T1628 002:886 JLINK_IsHalted()  returns FALSE (0001ms, 1293ms total)
T1628 002:888 JLINK_IsHalted()  returns FALSE (0001ms, 1293ms total)
T1628 002:890 JLINK_IsHalted()  returns FALSE (0001ms, 1293ms total)
T1628 002:892 JLINK_IsHalted()  returns FALSE (0001ms, 1293ms total)
T1628 002:894 JLINK_IsHalted()  returns FALSE (0001ms, 1293ms total)
T1628 002:896 JLINK_IsHalted()  returns FALSE (0000ms, 1292ms total)
T1628 002:897 JLINK_IsHalted()  returns FALSE (0001ms, 1293ms total)
T1628 002:899 JLINK_IsHalted()  returns FALSE (0001ms, 1293ms total)
T1628 002:901 JLINK_IsHalted()  returns FALSE (0001ms, 1293ms total)
T1628 002:903 JLINK_IsHalted()  returns FALSE (0001ms, 1293ms total)
T1628 002:905 JLINK_IsHalted()  returns FALSE (0001ms, 1293ms total)
T1628 002:907 JLINK_IsHalted()  returns FALSE (0001ms, 1293ms total)
T1628 002:909 JLINK_IsHalted()  returns FALSE (0001ms, 1293ms total)
T1628 002:911 JLINK_IsHalted()  returns FALSE (0001ms, 1293ms total)
T1628 002:913 JLINK_IsHalted()  returns FALSE (0001ms, 1293ms total)
T1628 002:915 JLINK_IsHalted()  returns FALSE (0000ms, 1292ms total)
T1628 002:916 JLINK_IsHalted()  returns FALSE (0000ms, 1292ms total)
T1628 002:917 JLINK_IsHalted()  returns FALSE (0001ms, 1293ms total)
T1628 002:919 JLINK_IsHalted()  returns FALSE (0000ms, 1292ms total)
T1628 002:920 JLINK_IsHalted()  returns FALSE (0001ms, 1293ms total)
T1628 002:922 JLINK_IsHalted()  returns FALSE (0001ms, 1293ms total)
T1628 002:924 JLINK_IsHalted()  returns FALSE (0001ms, 1293ms total)
T1628 002:926 JLINK_IsHalted()  returns FALSE (0001ms, 1293ms total)
T1628 002:928 JLINK_IsHalted()  returns FALSE (0000ms, 1292ms total)
T1628 002:929 JLINK_IsHalted()  returns FALSE (0001ms, 1293ms total)
T1628 002:931 JLINK_IsHalted()  returns FALSE (0001ms, 1293ms total)
T1628 002:933 JLINK_IsHalted()  returns FALSE (0001ms, 1293ms total)
T1628 002:935 JLINK_IsHalted()  returns FALSE (0001ms, 1293ms total)
T1628 002:937 JLINK_IsHalted()  returns FALSE (0001ms, 1293ms total)
T1628 002:939 JLINK_IsHalted()  returns FALSE (0000ms, 1292ms total)
T1628 002:940 JLINK_IsHalted()  returns FALSE (0001ms, 1293ms total)
T1628 002:942 JLINK_IsHalted()  returns FALSE (0000ms, 1292ms total)
T1628 002:943 JLINK_IsHalted()  returns FALSE (0000ms, 1292ms total)
T1628 002:944 JLINK_IsHalted()  returns FALSE (0000ms, 1292ms total)
T1628 002:945 JLINK_IsHalted()  returns FALSE (0001ms, 1293ms total)
T1628 002:947 JLINK_IsHalted()  returns FALSE (0001ms, 1293ms total)
T1628 002:949 JLINK_IsHalted()  returns FALSE (0000ms, 1292ms total)
T1628 002:950 JLINK_IsHalted()  returns FALSE (0000ms, 1292ms total)
T1628 002:951 JLINK_IsHalted()  returns FALSE (0000ms, 1292ms total)
T1628 002:952 JLINK_IsHalted()  returns FALSE (0001ms, 1293ms total)
T1628 002:954 JLINK_IsHalted()  returns FALSE (0001ms, 1293ms total)
T1628 002:956 JLINK_IsHalted()  returns FALSE (0000ms, 1292ms total)
T1628 002:957 JLINK_IsHalted()  returns FALSE (0001ms, 1293ms total)
T1628 002:959 JLINK_IsHalted()  returns FALSE (0001ms, 1293ms total)
T1628 002:961 JLINK_IsHalted()  returns FALSE (0000ms, 1292ms total)
T1628 002:962 JLINK_IsHalted()  returns FALSE (0001ms, 1293ms total)
T1628 002:964 JLINK_IsHalted()  returns FALSE (0000ms, 1292ms total)
T1628 002:965 JLINK_IsHalted()  returns FALSE (0000ms, 1292ms total)
T1628 002:966 JLINK_IsHalted()  returns FALSE (0000ms, 1292ms total)
T1628 002:967 JLINK_IsHalted()  returns FALSE (0001ms, 1293ms total)
T1628 002:969 JLINK_IsHalted()  returns FALSE (0000ms, 1292ms total)
T1628 002:970 JLINK_IsHalted()  returns FALSE (0000ms, 1292ms total)
T1628 002:971 JLINK_IsHalted()  returns FALSE (0000ms, 1292ms total)
T1628 002:972 JLINK_IsHalted()  returns FALSE (0000ms, 1292ms total)
T1628 002:973 JLINK_IsHalted()  returns FALSE (0000ms, 1292ms total)
T1628 002:974 JLINK_IsHalted()  returns FALSE (0001ms, 1293ms total)
T1628 002:976 JLINK_IsHalted()  returns FALSE (0000ms, 1292ms total)
T1628 002:977 JLINK_IsHalted()  returns FALSE (0000ms, 1292ms total)
T1628 002:978 JLINK_IsHalted()  returns FALSE (0000ms, 1292ms total)
T1628 002:979 JLINK_IsHalted()  returns FALSE (0000ms, 1292ms total)
T1628 002:980 JLINK_IsHalted()  returns FALSE (0000ms, 1292ms total)
T1628 002:981 JLINK_IsHalted()  returns FALSE (0000ms, 1292ms total)
T1628 002:982 JLINK_IsHalted()  returns FALSE (0001ms, 1293ms total)
T1628 002:984 JLINK_IsHalted()  returns FALSE (0000ms, 1292ms total)
T1628 002:985 JLINK_IsHalted()  returns FALSE (0000ms, 1292ms total)
T1628 002:986 JLINK_IsHalted()  returns FALSE (0000ms, 1292ms total)
T1628 002:987 JLINK_IsHalted()  returns FALSE (0000ms, 1292ms total)
T1628 002:988 JLINK_IsHalted()  returns FALSE (0000ms, 1292ms total)
T1628 002:989 JLINK_IsHalted()  returns FALSE (0001ms, 1293ms total)
T1628 002:991 JLINK_IsHalted()  returns FALSE (0000ms, 1292ms total)
T1628 002:992 JLINK_IsHalted()  returns FALSE (0000ms, 1292ms total)
T1628 002:993 JLINK_IsHalted()  returns FALSE (0000ms, 1292ms total)
T1628 002:994 JLINK_IsHalted()  returns FALSE (0000ms, 1292ms total)
T1628 002:995 JLINK_IsHalted()  returns FALSE (0000ms, 1292ms total)
T1628 002:996 JLINK_IsHalted()  returns FALSE (0000ms, 1292ms total)
T1628 002:997 JLINK_IsHalted()  returns FALSE (0000ms, 1292ms total)
T1628 002:998 JLINK_IsHalted()  returns FALSE (0000ms, 1292ms total)
T1628 002:999 JLINK_IsHalted()  returns FALSE (0000ms, 1292ms total)
T1628 003:000 JLINK_IsHalted()  returns FALSE (0000ms, 1292ms total)
T1628 003:001 JLINK_IsHalted()  returns FALSE (0000ms, 1292ms total)
T1628 003:002 JLINK_IsHalted()  returns FALSE (0000ms, 1292ms total)
T1628 003:003 JLINK_IsHalted()  returns FALSE (0000ms, 1292ms total)
T1628 003:004 JLINK_IsHalted()  returns FALSE (0001ms, 1293ms total)
T1628 003:006 JLINK_IsHalted()  returns FALSE (0000ms, 1293ms total)
T1628 003:007 JLINK_IsHalted()  returns FALSE (0000ms, 1293ms total)
T1628 003:008 JLINK_IsHalted()  returns FALSE (0001ms, 1294ms total)
T1628 003:010 JLINK_IsHalted()  returns FALSE (0000ms, 1293ms total)
T1628 003:011 JLINK_IsHalted()  returns FALSE (0000ms, 1293ms total)
T1628 003:012 JLINK_IsHalted()  returns FALSE (0000ms, 1293ms total)
T1628 003:013 JLINK_IsHalted()  returns FALSE (0001ms, 1294ms total)
T1628 003:015 JLINK_IsHalted()  returns FALSE (0000ms, 1293ms total)
T1628 003:016 JLINK_IsHalted()  returns FALSE (0001ms, 1294ms total)
T1628 003:018 JLINK_IsHalted()  returns FALSE (0000ms, 1293ms total)
T1628 003:019 JLINK_IsHalted()  returns FALSE (0000ms, 1293ms total)
T1628 003:020 JLINK_IsHalted()  returns FALSE (0003ms, 1296ms total)
T1628 003:024 JLINK_IsHalted()  returns FALSE (0001ms, 1294ms total)
T1628 003:026 JLINK_IsHalted()  returns FALSE (0001ms, 1294ms total)
T1628 003:028 JLINK_IsHalted()  returns FALSE (0001ms, 1294ms total)
T1628 003:030 JLINK_IsHalted()  returns FALSE (0002ms, 1295ms total)
T1628 003:033 JLINK_IsHalted()  returns FALSE (0001ms, 1294ms total)
T1628 003:035 JLINK_IsHalted()  returns FALSE (0001ms, 1294ms total)
T1628 003:037 JLINK_IsHalted()  returns FALSE (0000ms, 1293ms total)
T1628 003:038 JLINK_IsHalted()  returns FALSE (0000ms, 1293ms total)
T1628 003:039 JLINK_IsHalted()  returns FALSE (0001ms, 1294ms total)
T1628 003:042 JLINK_IsHalted()  returns FALSE (0001ms, 1294ms total)
T1628 003:044 JLINK_IsHalted()  returns FALSE (0001ms, 1294ms total)
T1628 003:046 JLINK_IsHalted()  returns FALSE (0002ms, 1295ms total)
T1628 003:049 JLINK_IsHalted()  returns FALSE (0001ms, 1294ms total)
T1628 003:051 JLINK_IsHalted()  returns FALSE (0001ms, 1294ms total)
T1628 003:053 JLINK_IsHalted()  returns FALSE (0001ms, 1294ms total)
T1628 003:055 JLINK_IsHalted()  returns FALSE (0001ms, 1294ms total)
T1628 003:057 JLINK_IsHalted()  returns FALSE (0001ms, 1294ms total)
T1628 003:059 JLINK_IsHalted()  returns FALSE (0002ms, 1295ms total)
T1628 003:062 JLINK_IsHalted()  returns FALSE (0002ms, 1295ms total)
T1628 003:065 JLINK_IsHalted()  returns FALSE (0001ms, 1294ms total)
T1628 003:067 JLINK_IsHalted()  returns FALSE (0001ms, 1294ms total)
T1628 003:069 JLINK_IsHalted()  returns FALSE (0001ms, 1294ms total)
T1628 003:071 JLINK_IsHalted()  returns FALSE (0001ms, 1294ms total)
T1628 003:073 JLINK_IsHalted()  returns FALSE (0002ms, 1295ms total)
T1628 003:076 JLINK_IsHalted()  returns FALSE (0001ms, 1294ms total)
T1628 003:078 JLINK_IsHalted()  returns FALSE (0001ms, 1294ms total)
T1628 003:080 JLINK_IsHalted()  returns FALSE (0001ms, 1294ms total)
T1628 003:082 JLINK_IsHalted()  returns FALSE (0001ms, 1294ms total)
T1628 003:084 JLINK_IsHalted()  returns FALSE (0001ms, 1294ms total)
T1628 003:086 JLINK_IsHalted()  returns FALSE (0001ms, 1294ms total)
T1628 003:088 JLINK_IsHalted()  returns FALSE (0001ms, 1294ms total)
T1628 003:090 JLINK_IsHalted()  returns FALSE (0001ms, 1294ms total)
T1628 003:092 JLINK_IsHalted()  returns FALSE (0001ms, 1294ms total)
T1628 003:094 JLINK_IsHalted()  returns FALSE (0000ms, 1293ms total)
T1628 003:095 JLINK_IsHalted()  returns FALSE (0000ms, 1293ms total)
T1628 003:096 JLINK_IsHalted()  returns FALSE (0001ms, 1294ms total)
T1628 003:098 JLINK_IsHalted()  returns FALSE (0000ms, 1293ms total)
T1628 003:099 JLINK_IsHalted()  returns FALSE (0000ms, 1293ms total)
T1628 003:100 JLINK_IsHalted()  returns FALSE (0001ms, 1294ms total)
T1628 003:103 JLINK_IsHalted()  returns FALSE (0001ms, 1294ms total)
T1628 003:105 JLINK_IsHalted()  returns FALSE (0001ms, 1294ms total)
T1628 003:107 JLINK_IsHalted()  returns FALSE (0001ms, 1294ms total)
T1628 003:109 JLINK_IsHalted()  returns FALSE (0001ms, 1294ms total)
T1628 003:111 JLINK_IsHalted()  returns FALSE (0001ms, 1294ms total)
T1628 003:113 JLINK_IsHalted()  returns FALSE (0001ms, 1294ms total)
T1628 003:115 JLINK_IsHalted()  returns FALSE (0001ms, 1294ms total)
T1628 003:117 JLINK_IsHalted()  returns FALSE (0001ms, 1294ms total)
T1628 003:119 JLINK_IsHalted()  returns FALSE (0001ms, 1294ms total)
T1628 003:121 JLINK_IsHalted()  returns FALSE (0001ms, 1294ms total)
T1628 003:123 JLINK_IsHalted()  returns FALSE (0001ms, 1294ms total)
T1628 003:125 JLINK_IsHalted()  returns FALSE (0001ms, 1294ms total)
T1628 003:127 JLINK_IsHalted()  returns FALSE (0001ms, 1294ms total)
T1628 003:129 JLINK_IsHalted()  returns FALSE (0001ms, 1294ms total)
T1628 003:131 JLINK_IsHalted()  returns FALSE (0001ms, 1294ms total)
T1628 003:133 JLINK_IsHalted()  returns FALSE (0001ms, 1294ms total)
T1628 003:135 JLINK_IsHalted()  returns FALSE (0001ms, 1294ms total)
T1628 003:137 JLINK_IsHalted()  returns FALSE (0001ms, 1294ms total)
T1628 003:139 JLINK_IsHalted()  returns FALSE (0001ms, 1294ms total)
T1628 003:141 JLINK_IsHalted()  returns FALSE (0001ms, 1294ms total)
T1628 003:143 JLINK_IsHalted()  returns FALSE (0001ms, 1294ms total)
T1628 003:145 JLINK_IsHalted()  returns FALSE (0001ms, 1294ms total)
T1628 003:147 JLINK_IsHalted()  returns FALSE (0001ms, 1294ms total)
T1628 003:149 JLINK_IsHalted()  returns FALSE (0001ms, 1294ms total)
T1628 003:151 JLINK_IsHalted()  returns FALSE (0001ms, 1294ms total)
T1628 003:153 JLINK_IsHalted()  returns FALSE (0001ms, 1294ms total)
T1628 003:155 JLINK_IsHalted()  returns FALSE (0001ms, 1294ms total)
T1628 003:157 JLINK_IsHalted()  returns FALSE (0001ms, 1294ms total)
T1628 003:159 JLINK_IsHalted()  returns FALSE (0001ms, 1294ms total)
T1628 003:161 JLINK_IsHalted()  returns FALSE (0001ms, 1294ms total)
T1628 003:163 JLINK_IsHalted()  returns FALSE (0001ms, 1294ms total)
T1628 003:165 JLINK_IsHalted()  returns FALSE (0001ms, 1294ms total)
T1628 003:167 JLINK_IsHalted()  returns FALSE (0001ms, 1294ms total)
T1628 003:169 JLINK_IsHalted()  returns FALSE (0001ms, 1294ms total)
T1628 003:171 JLINK_IsHalted()  returns FALSE (0001ms, 1294ms total)
T1628 003:173 JLINK_IsHalted()  returns FALSE (0001ms, 1294ms total)
T1628 003:175 JLINK_IsHalted()  returns FALSE (0001ms, 1294ms total)
T1628 003:177 JLINK_IsHalted()  returns FALSE (0001ms, 1294ms total)
T1628 003:179 JLINK_IsHalted()  returns FALSE (0001ms, 1294ms total)
T1628 003:181 JLINK_IsHalted()  returns FALSE (0001ms, 1294ms total)
T1628 003:183 JLINK_IsHalted()  returns FALSE (0001ms, 1294ms total)
T1628 003:185 JLINK_IsHalted()  returns FALSE (0001ms, 1294ms total)
T1628 003:187 JLINK_IsHalted()  returns FALSE (0001ms, 1294ms total)
T1628 003:189 JLINK_IsHalted()  returns FALSE (0001ms, 1294ms total)
T1628 003:191 JLINK_IsHalted()  returns FALSE (0001ms, 1294ms total)
T1628 003:193 JLINK_IsHalted()  returns FALSE (0001ms, 1294ms total)
T1628 003:195 JLINK_IsHalted()  returns FALSE (0001ms, 1294ms total)
T1628 003:197 JLINK_IsHalted()  returns FALSE (0001ms, 1294ms total)
T1628 003:199 JLINK_IsHalted()  returns FALSE (0001ms, 1294ms total)
T1628 003:201 JLINK_IsHalted()  returns FALSE (0001ms, 1294ms total)
T1628 003:203 JLINK_IsHalted()  returns FALSE (0001ms, 1294ms total)
T1628 003:205 JLINK_IsHalted()  returns FALSE (0001ms, 1294ms total)
T1628 003:207 JLINK_IsHalted()  returns FALSE (0001ms, 1294ms total)
T1628 003:209 JLINK_IsHalted()  returns FALSE (0001ms, 1294ms total)
T1628 003:211 JLINK_IsHalted()  returns FALSE (0000ms, 1293ms total)
T1628 003:213 JLINK_IsHalted()  returns FALSE (0001ms, 1294ms total)
T1628 003:215 JLINK_IsHalted()  returns FALSE (0001ms, 1294ms total)
T1628 003:217 JLINK_IsHalted()  returns FALSE (0001ms, 1294ms total)
T1628 003:219 JLINK_IsHalted()  returns FALSE (0001ms, 1294ms total)
T1628 003:221 JLINK_IsHalted()  returns FALSE (0001ms, 1294ms total)
T1628 003:223 JLINK_IsHalted()  returns FALSE (0001ms, 1294ms total)
T1628 003:225 JLINK_IsHalted()  returns FALSE (0001ms, 1294ms total)
T1628 003:227 JLINK_IsHalted()  returns FALSE (0001ms, 1294ms total)
T1628 003:229 JLINK_IsHalted()  returns FALSE (0001ms, 1294ms total)
T1628 003:231 JLINK_IsHalted()  returns FALSE (0001ms, 1294ms total)
T1628 003:233 JLINK_IsHalted()  returns FALSE (0001ms, 1294ms total)
T1628 003:235 JLINK_IsHalted()  returns FALSE (0001ms, 1294ms total)
T1628 003:237 JLINK_IsHalted()  returns FALSE (0001ms, 1294ms total)
T1628 003:239 JLINK_IsHalted()  returns FALSE (0001ms, 1294ms total)
T1628 003:241 JLINK_IsHalted()  returns FALSE (0001ms, 1294ms total)
T1628 003:243 JLINK_IsHalted()  returns FALSE (0001ms, 1294ms total)
T1628 003:245 JLINK_IsHalted()  returns FALSE (0001ms, 1294ms total)
T1628 003:247 JLINK_IsHalted()  returns FALSE (0002ms, 1295ms total)
T1628 003:250 JLINK_IsHalted()  returns FALSE (0001ms, 1294ms total)
T1628 003:252 JLINK_IsHalted()  returns FALSE (0003ms, 1296ms total)
T1628 003:256 JLINK_IsHalted()  returns FALSE (0002ms, 1295ms total)
T1628 003:259 JLINK_IsHalted()  returns FALSE (0001ms, 1294ms total)
T1628 003:261 JLINK_IsHalted()  returns FALSE (0000ms, 1293ms total)
T1628 003:262 JLINK_IsHalted()  returns FALSE (0001ms, 1294ms total)
T1628 003:264 JLINK_IsHalted()  returns FALSE (0001ms, 1294ms total)
T1628 003:266 JLINK_IsHalted()  returns FALSE (0001ms, 1294ms total)
T1628 003:268 JLINK_IsHalted()  returns FALSE (0000ms, 1293ms total)
T1628 003:269 JLINK_IsHalted()  returns FALSE (0001ms, 1294ms total)
T1628 003:271 JLINK_IsHalted()  returns FALSE (0003ms, 1296ms total)
T1628 003:275 JLINK_IsHalted()  returns FALSE (0001ms, 1294ms total)
T1628 003:277 JLINK_IsHalted()  returns FALSE (0001ms, 1294ms total)
T1628 003:279 JLINK_IsHalted()  returns FALSE (0001ms, 1294ms total)
T1628 003:281 JLINK_IsHalted()  returns FALSE (0001ms, 1294ms total)
T1628 003:283 JLINK_IsHalted()  returns FALSE (0001ms, 1294ms total)
T1628 003:285 JLINK_IsHalted()  returns FALSE (0000ms, 1293ms total)
T1628 003:286 JLINK_IsHalted()  returns FALSE (0000ms, 1293ms total)
T1628 003:287 JLINK_IsHalted()  returns FALSE (0001ms, 1294ms total)
T1628 003:289 JLINK_IsHalted()  returns FALSE (0001ms, 1294ms total)
T1628 003:291 JLINK_IsHalted()  returns FALSE (0000ms, 1293ms total)
T1628 003:292 JLINK_IsHalted()  returns FALSE (0000ms, 1293ms total)
T1628 003:293 JLINK_IsHalted()  returns FALSE (0000ms, 1293ms total)
T1628 003:294 JLINK_IsHalted()  returns FALSE (0000ms, 1293ms total)
T1628 003:295 JLINK_IsHalted()  returns FALSE (0001ms, 1294ms total)
T1628 003:298 JLINK_IsHalted()  returns FALSE (0001ms, 1294ms total)
T1628 003:300 JLINK_IsHalted()  returns FALSE (0001ms, 1294ms total)
T1628 003:302 JLINK_IsHalted()  returns FALSE (0001ms, 1294ms total)
T1628 003:304 JLINK_IsHalted()  returns FALSE (0001ms, 1294ms total)
T1628 003:306 JLINK_IsHalted()  returns FALSE (0001ms, 1294ms total)
T1628 003:308 JLINK_IsHalted()  returns FALSE (0001ms, 1294ms total)
T1628 003:310 JLINK_IsHalted()  returns FALSE (0001ms, 1294ms total)
T1628 003:312 JLINK_IsHalted()  returns FALSE (0001ms, 1294ms total)
T1628 003:314 JLINK_IsHalted()  returns FALSE (0000ms, 1293ms total)
T1628 003:315 JLINK_IsHalted()  returns FALSE (0001ms, 1294ms total)
T1628 003:317 JLINK_IsHalted()  returns FALSE (0000ms, 1293ms total)
T1628 003:318 JLINK_IsHalted()  returns FALSE (0001ms, 1294ms total)
T1628 003:320 JLINK_IsHalted()  returns FALSE (0001ms, 1294ms total)
T1628 003:322 JLINK_IsHalted()  returns FALSE (0000ms, 1293ms total)
T1628 003:323 JLINK_IsHalted()  returns FALSE (0000ms, 1293ms total)
T1628 003:324 JLINK_IsHalted()  returns FALSE (0001ms, 1294ms total)
T1628 003:326 JLINK_IsHalted()  returns FALSE (0000ms, 1293ms total)
T1628 003:327 JLINK_IsHalted()  returns FALSE (0000ms, 1293ms total)
T1628 003:328 JLINK_IsHalted()  returns FALSE (0001ms, 1294ms total)
T1628 003:330 JLINK_IsHalted()  returns FALSE (0000ms, 1293ms total)
T1628 003:331 JLINK_IsHalted()  returns FALSE (0000ms, 1293ms total)
T1628 003:332 JLINK_IsHalted()  returns FALSE (0004ms, 1297ms total)
T1628 003:337 JLINK_IsHalted()  returns FALSE (0001ms, 1294ms total)
T1628 003:340 JLINK_IsHalted()  returns FALSE (0001ms, 1294ms total)
T1628 003:342 JLINK_IsHalted()  returns FALSE (0001ms, 1294ms total)
T1628 003:344 JLINK_IsHalted()  returns FALSE (0001ms, 1294ms total)
T1628 003:346 JLINK_IsHalted()  returns FALSE (0001ms, 1294ms total)
T1628 003:349 JLINK_IsHalted()  returns FALSE (0001ms, 1294ms total)
T1628 003:351 JLINK_IsHalted()  returns FALSE (0000ms, 1293ms total)
T1628 003:352 JLINK_IsHalted()  returns FALSE (0001ms, 1294ms total)
T1628 003:354 JLINK_IsHalted()  returns FALSE (0001ms, 1294ms total)
T1628 003:356 JLINK_IsHalted()  returns FALSE (0001ms, 1294ms total)
T1628 003:358 JLINK_IsHalted()  returns FALSE (0001ms, 1295ms total)
T1628 003:360 JLINK_IsHalted()  returns FALSE (0000ms, 1294ms total)
T1628 003:361 JLINK_IsHalted()  returns FALSE (0001ms, 1295ms total)
T1628 003:363 JLINK_IsHalted()  returns FALSE (0001ms, 1295ms total)
T1628 003:365 JLINK_IsHalted()  returns FALSE (0001ms, 1295ms total)
T1628 003:367 JLINK_IsHalted()  returns FALSE (0001ms, 1295ms total)
T1628 003:369 JLINK_IsHalted()  returns FALSE (0001ms, 1295ms total)
T1628 003:371 JLINK_IsHalted()  returns FALSE (0001ms, 1295ms total)
T1628 003:373 JLINK_IsHalted()  returns FALSE (0001ms, 1295ms total)
T1628 003:375 JLINK_IsHalted()  returns FALSE (0000ms, 1294ms total)
T1628 003:376 JLINK_IsHalted()  returns FALSE (0001ms, 1295ms total)
T1628 003:378 JLINK_IsHalted()  returns FALSE (0000ms, 1294ms total)
T1628 003:379 JLINK_IsHalted()  returns FALSE (0001ms, 1295ms total)
T1628 003:381 JLINK_IsHalted()  returns FALSE (0001ms, 1295ms total)
T1628 003:383 JLINK_IsHalted()  returns FALSE (0000ms, 1294ms total)
T1628 003:384 JLINK_IsHalted()  returns FALSE (0001ms, 1295ms total)
T1628 003:386 JLINK_IsHalted()  returns FALSE (0001ms, 1295ms total)
T1628 003:388 JLINK_IsHalted()  returns FALSE (0001ms, 1295ms total)
T1628 003:390 JLINK_IsHalted()  returns FALSE (0000ms, 1294ms total)
T1628 003:391 JLINK_IsHalted()  returns FALSE (0001ms, 1295ms total)
T1628 003:393 JLINK_IsHalted()  returns FALSE (0001ms, 1295ms total)
T1628 003:395 JLINK_IsHalted()  returns FALSE (0001ms, 1295ms total)
T1628 003:397 JLINK_IsHalted()  returns FALSE (0001ms, 1295ms total)
T1628 003:399 JLINK_IsHalted()  returns FALSE (0000ms, 1294ms total)
T1628 003:400 JLINK_IsHalted()  returns FALSE (0000ms, 1294ms total)
T1628 003:401 JLINK_IsHalted()  returns FALSE (0000ms, 1294ms total)
T1628 003:402 JLINK_IsHalted()  returns FALSE (0000ms, 1294ms total)
T1628 003:403 JLINK_IsHalted()  returns FALSE (0000ms, 1294ms total)
T1628 003:404 JLINK_IsHalted()  returns FALSE (0000ms, 1294ms total)
T1628 003:405 JLINK_IsHalted()  returns FALSE (0000ms, 1294ms total)
T1628 003:406 JLINK_IsHalted()  returns FALSE (0000ms, 1294ms total)
T1628 003:407 JLINK_IsHalted()  returns FALSE (0001ms, 1295ms total)
T1628 003:409 JLINK_IsHalted()  returns FALSE (0000ms, 1294ms total)
T1628 003:410 JLINK_IsHalted()  returns FALSE (0000ms, 1294ms total)
T1628 003:411 JLINK_IsHalted()  returns FALSE (0000ms, 1294ms total)
T1628 003:412 JLINK_IsHalted()  returns FALSE (0001ms, 1295ms total)
T1628 003:414 JLINK_IsHalted()  returns FALSE (0001ms, 1295ms total)
T1628 003:416 JLINK_IsHalted()  returns FALSE (0001ms, 1295ms total)
T1628 003:418 JLINK_IsHalted()  returns FALSE (0001ms, 1295ms total)
T1628 003:420 JLINK_IsHalted()  returns FALSE (0001ms, 1295ms total)
T1628 003:422 JLINK_IsHalted()  returns FALSE (0001ms, 1295ms total)
T1628 003:424 JLINK_IsHalted()  returns FALSE (0001ms, 1295ms total)
T1628 003:426 JLINK_IsHalted()  returns FALSE (0001ms, 1295ms total)
T1628 003:428 JLINK_IsHalted()  returns FALSE (0001ms, 1295ms total)
T1628 003:430 JLINK_IsHalted()  returns FALSE (0000ms, 1294ms total)
T1628 003:431 JLINK_IsHalted()  returns FALSE (0001ms, 1295ms total)
T1628 003:433 JLINK_IsHalted()  returns FALSE (0001ms, 1295ms total)
T1628 003:435 JLINK_IsHalted()  returns FALSE (0001ms, 1295ms total)
T1628 003:437 JLINK_IsHalted()  returns FALSE (0001ms, 1295ms total)
T1628 003:439 JLINK_IsHalted()  returns FALSE (0001ms, 1295ms total)
T1628 003:441 JLINK_IsHalted()  returns FALSE (0001ms, 1295ms total)
T1628 003:443 JLINK_IsHalted()  returns FALSE (0001ms, 1295ms total)
T1628 003:445 JLINK_IsHalted()  returns FALSE (0001ms, 1295ms total)
T1628 003:447 JLINK_IsHalted()  returns FALSE (0001ms, 1295ms total)
T1628 003:449 JLINK_IsHalted()  returns FALSE (0001ms, 1295ms total)
T1628 003:451 JLINK_IsHalted()  returns FALSE (0001ms, 1295ms total)
T1628 003:453 JLINK_IsHalted()  returns FALSE (0000ms, 1294ms total)
T1628 003:454 JLINK_IsHalted()  returns FALSE (0001ms, 1295ms total)
T1628 003:456 JLINK_IsHalted()  returns FALSE (0000ms, 1294ms total)
T1628 003:457 JLINK_IsHalted()  returns FALSE (0001ms, 1295ms total)
T1628 003:459 JLINK_IsHalted()  returns FALSE (0001ms, 1295ms total)
T1628 003:461 JLINK_IsHalted()  returns FALSE (0001ms, 1295ms total)
T1628 003:463 JLINK_IsHalted()  returns FALSE (0001ms, 1295ms total)
T1628 003:465 JLINK_IsHalted()  returns FALSE (0001ms, 1295ms total)
T1628 003:467 JLINK_IsHalted()  returns FALSE (0001ms, 1295ms total)
T1628 003:469 JLINK_IsHalted()  returns FALSE (0001ms, 1295ms total)
T1628 003:471 JLINK_IsHalted()  returns FALSE (0001ms, 1295ms total)
T1628 003:473 JLINK_IsHalted()  returns FALSE (0001ms, 1295ms total)
T1628 003:475 JLINK_IsHalted()  returns FALSE (0001ms, 1295ms total)
T1628 003:477 JLINK_IsHalted()  returns FALSE (0001ms, 1295ms total)
T1628 003:479 JLINK_IsHalted()  returns FALSE (0000ms, 1294ms total)
T1628 003:480 JLINK_IsHalted()  returns FALSE (0001ms, 1295ms total)
T1628 003:482 JLINK_IsHalted()  returns FALSE (0001ms, 1295ms total)
T1628 003:484 JLINK_IsHalted()  returns FALSE (0001ms, 1295ms total)
T1628 003:486 JLINK_IsHalted()  returns FALSE (0001ms, 1295ms total)
T1628 003:488 JLINK_IsHalted()  returns FALSE (0001ms, 1295ms total)
T1628 003:490 JLINK_IsHalted()  returns FALSE (0001ms, 1295ms total)
T1628 003:492 JLINK_IsHalted()  returns FALSE (0001ms, 1295ms total)
T1628 003:494 JLINK_IsHalted()  returns FALSE (0001ms, 1295ms total)
T1628 003:496 JLINK_IsHalted()  returns FALSE (0001ms, 1295ms total)
T1628 003:498 JLINK_IsHalted()  returns FALSE (0001ms, 1295ms total)
T1628 003:500 JLINK_IsHalted()  returns FALSE (0001ms, 1295ms total)
T1628 003:502 JLINK_IsHalted()  returns FALSE (0001ms, 1295ms total)
T1628 003:703 JLINK_IsHalted()  returns FALSE (0001ms, 1295ms total)
T1628 003:904 JLINK_IsHalted()  returns FALSE (0001ms, 1295ms total)
T1628 004:105 JLINK_IsHalted()  returns FALSE (0002ms, 1296ms total)
T1628 004:307 JLINK_IsHalted()  returns FALSE (0001ms, 1295ms total)
T1628 004:508 JLINK_IsHalted()  returns FALSE (0001ms, 1295ms total)
T1628 004:709 JLINK_IsHalted()  returns FALSE (0001ms, 1295ms total)
T1628 004:910 JLINK_IsHalted()  returns FALSE (0001ms, 1295ms total)
T1628 005:111 JLINK_IsHalted()  returns FALSE (0002ms, 1296ms total)
T1628 005:313 JLINK_IsHalted()  returns FALSE (0001ms, 1295ms total)
T1628 005:514 JLINK_IsHalted()  returns FALSE (0001ms, 1295ms total)
T1628 005:715 JLINK_IsHalted()  returns FALSE (0001ms, 1295ms total)
T1628 005:916 JLINK_IsHalted()  returns FALSE (0001ms, 1295ms total)
T1628 006:117 JLINK_IsHalted()  returns FALSE (0002ms, 1296ms total)
T1628 006:319 JLINK_IsHalted()  returns FALSE (0001ms, 1295ms total)
T1628 006:520 JLINK_IsHalted()  returns FALSE (0001ms, 1295ms total)
T1628 006:721 JLINK_IsHalted()  returns FALSE (0001ms, 1295ms total)
T1628 006:922 JLINK_IsHalted()  returns FALSE (0001ms, 1295ms total)
T1628 007:123 JLINK_IsHalted()  returns FALSE (0002ms, 1296ms total)
T1628 007:325 JLINK_IsHalted() -- CPU_ReadMem(2 bytes @ 0x200000C0)  returns TRUE (0006ms, 1300ms total)
T1628 007:331 JLINK_ReadMemU32(0xE000EDFC, 0x0001 Items, ...) - Data: 00 00 00 01  returns 0x01 (0000ms, 1294ms total)
T1628 007:331 JLINK_WriteMem(0xE000EDFC, 0x0004 Bytes, ...) - Data: 00 00 00 01  returns 0x04 (0000ms, 1294ms total)
T1628 007:331 JLINK_WriteVectorCatch(0x00000000)  returns 0x00 (0000ms, 1294ms total)
T1628 007:332 JLINK_WriteMem(0xE0001028, 0x0004 Bytes, ...) - Data: 00 00 00 00  returns 0x04 (0000ms, 1295ms total)
T1628 007:332 JLINK_WriteMem(0xE0001038, 0x0004 Bytes, ...) - Data: 00 00 00 00  returns 0x04 (0000ms, 1295ms total)
T1628 007:332 JLINK_WriteMem(0xE0001048, 0x0004 Bytes, ...) - Data: 00 00 00 00  returns 0x04 (0000ms, 1295ms total)
T1628 007:332 JLINK_WriteMem(0xE0001058, 0x0004 Bytes, ...) - Data: 00 00 00 00  returns 0x04 (0000ms, 1295ms total)
T1628 007:332 JLINK_ReadRegs(NumRegs = 1, Indexes: 15) -- R15 (PC)=0x200000C0  returns 0x00 (0000ms, 1295ms total)
T1628 007:332 JLINK_ReadMemU16(0x200000C0, 0x0001 Items, ...) -- Merging existing BP[0]: 0xE7FE @ 0x200000C0 -- Merging existing BP[0]: 0xE7FE @ 0x200000C0 - Data: FE E7  returns 0x01 (0000ms, 1295ms total)
T1628 007:332 JLINK_ReadMemU32(0x2000BD90, 0x0005 Items, ...) -- CPU_ReadMem(64 bytes @ 0x2000BD80) -- Updating C cache (64 bytes @ 0x2000BD80) -- Read from C cache (20 bytes @ 0x2000BD90) - Data: 00 00 00 00 00 00 00 00 00 00 00 00 00 03 00 20 ...  returns 0x05 (0002ms, 1297ms total)
T1EFC 007:373 JLINK_ClrBPEx(BPHandle = 0x00000001)  returns 0x00 (0000ms, 1297ms total)
T1EFC 007:373 JLINK_WriteVectorCatch(0x00000000)  returns 0x00 (0000ms, 1297ms total)

Closed
